node   1  (   0,    0) (  10,    3) (  30,    5) (  27,    6) (  10,    8) (  10,   10) (  10,   10) (  10,   10) (  10,   10) (  10,   10)
          (  10,   10) (  10,   10) (  10,   10) (  10,   10) (  10,   10) (  10,   10) (  10,   10) (  10,   10) (  10,   10) (  10,   10)
          (  10,   10) (  10,   10) (  10,   10) (  10,   10) (  10,   10) (  10,   10) (  10,   10) (  10,   10) (  10,   10) (  10,   10)
          (  10,   10) (  10,   10) (  10,   10) (  10,   10) (  10,   10) (  10,   10) (  10,   10) (  10,   10) (  10,   10) (  10,   10)
          (  10,   10) (  10,   10) (  10,   10) (  10,   10) (  10,   10) (  10,   10) (  10,   10) (  10,   10) (  10,   10) (  10,   10)
          (  10,   10) (  10,   10) (  10,   10) (  10,   10) (  10,   10) (  10,   10) (  10,   10) (  10,   10) (  10,   10) (  10,   10)
          (  10,   10) (  10,   10) (  10,   10) (  10,   10) (  10,   10) (  10,   10) (  10,   10) (  10,   10) (  10,   10) (  10,   10)
          (  10,   10) (  10,   10) (  10,   10) (  10,   10) (  10,   10) (  10,   10) (  10,   10) (  10,   10) (  10,   10) (  10,   10)
          (  10,   10) (  10,   10) (  10,   10) (  10,   10) (  10,   10) (  10,   10) (  10,   10) (  10,   10) (  10,   10) (  10,   10)
          (  10,   10) (  10,   10) (  10,   10) (  10,   10) (  10,   10) (  10,   10) (  10,   10) (  10,   10) (  10,   10) (  10,   10)
          (  10,   10) (  10,   10) (  10,   10) (  10,   10) (  10,   10) (  10,   10) (  10,   10) (  10,   10) (  10,   10) (  10,   10)
          (  10,   10) (  10,   10) (  10,   10) (  10,   10) (  10,   10) (  10,   10) (  10,   10) (  10,   10) (  10,   10) (  10,   10)
          (  10,   10) (  10,   10) (  10,   10) (  10,   10) (  10,   10) (  10,   10) (  10,   10) (  10,   10) (  10,   10) (  10,   10)
          (  10,   10) (  10,   10) (  10,   10) (  10,   10) (  10,   10) (  10,   10) (  10,   10) (  10,   10) (  10,   10) (  10,   10)
          (  10,   10) (  10,   10) (  10,   10) (  10,   10) (  10,   10) (  10,   10) (  10,   10) (  10,   10) (  10,   10) (  10,   10)
          (  10,   10) (  10,   10) (  10,   10) (  10,   10) (  10,   10) (  10,   10) (  10,   10) (  10,   10) (  10,   10) (  10,   10)
          (  10,   10) (  10,   10) (  10,   10) (  10,   10) (  10,   10) (  10,   10) (  10,   10) (  10,   10) (  10,   10) (  10,   10)
          (  10,   10) (  10,   10) (  10,   10) (  10,   10) (  10,   10) (  10,   10) (  10,   10) (  10,   10) (  10,   10) (  10,   10)
          (  10,   10) (  10,   10) (  10,   10) (  10,   10) (  10,   10) (  10,   10) (  10,   10) (  10,   10) (  10,   10) (  10,   10)
          (  10,   10) (  10,   10) (  10,   10) (  10,   10) (  10,   10) (  10,   10) (  10,   10) (  10,   10) (  10,   10) (  10,   10)
          (  10,   10) (  10,   10) (  10,   10) (  10,   10) (  10,   10) (  10,   10) (  10,   10) (  10,   10) (  10,   10) (  10,   10)
          (  10,   10) (  10,   10) (  10,   10) (  10,   10) (  10,   10) (  10,   10) (  10,   10) (  10,   10) (  10,   10) (  10,   10)
          (  10,   10) (  10,   10) (  10,   10) (  10,   10) (  10,   10) (  10,   10) (  10,   10) (  10,   10) (  10,   10) (  10,   10)
          (  10,   10) (  10,   10) (  10,   10) (  10,   10) (  10,   10) (  10,   10) (  10,   10) (  10,   10) (  10,   10) (  10,   10)
          (  10,   10) (  10,   10) (  10,   10) (  10,   10) (  10,   10) (  10,   10) (  10,   10) (  10,   10) (  10,   10) (  10,   10)
          (  10,   10) (  10,   10) (  10,   10) (  10,   10) (  10,   10) (  10,   10) (  10,   10) (  10,   10) (  10,   10) (  10,   10)
          (  10,   10) (  10,   10) (  10,   10) (  10,   10) (  10,   10) (  10,   10) (  10,   10) (  10,   10) (  10,   10) (  10,   10)
          (  10,   10) (  10,   10) (  10,   10) (  10,   10) (  10,   10) (  10,   10) (  10,   10) (  10,   10) (  10,   10) (  10,   10)
          (  10,   10) (  10,   10) (  10,   10) (  10,   10) (  10,   10) (  10,   10) (  10,   10) (  10,   10) (  10,   10) (  10,   10)
          (  10,   10) (  10,   10) (  10,   10) (  10,   10) (  10,   10) (  10,   10) (  10,   10) (  10,   10) (  10,   10) (  10,   10)
          (  10,   10) (  10,   10) (  10,   10) (  10,   10) (  10,   10) (  10,   10) (  10,   10) (  10,   10) (  10,   10) (  10,   10)
          (  10,   10) (  10,   10) (  10,   10) (  10,   10) (  10,   10) (  10,   10) (  10,   10) (  10,   10) (  10,   10) (  10,   10)
          (  10,   10) (  10,   10) (  10,   10) (  10,   10) (  10,   10) (  10,   10) (  10,   10) (  10,   10) (  10,   10) (  10,   10)
          (  10,   10) (  10,   10) (  10,   10) (  10,   10) (  10,   10) (  10,   10) (  10,   10) (  10,   10) (  10,   10) (  10,   10)
          (  10,   10) (  10,   10) (  10,   10) (  10,   10) (  10,   10) (  10,   10) (  10,   10) (  10,   10) (  10,   10) (  10,   10)
          (  10,   10) (  10,   10) (  10,   10) (  10,   10) (  10,   10) (  10,   10) (  10,   10) (  10,   10) (  10,   10) (  10,   10)
          (  10,   10) (  10,   10) (  10,   10) (  10,   10) (  10,   10) (  10,   10) (  10,   10) (  10,   10) (  10,   10) (  10,   10)
          (  10,   10) (  10,   10) (  10,   10) (  10,   10) (  10,   10) (  10,   10) (  10,   10) (  10,   10) (  10,   10) (  10,   10)
          (  10,   10) (  10,   10) (  10,   10) (  10,   10) (  10,   10) (  10,   10) (  10,   10) (  10,   10) (  10,   10) (  10,   10)
          (  10,   10) (  10,   10) (  10,   10) (  10,   10) (  10,   10) (  10,   10) (  10,   10) (  10,   10) (  10,   10) (  10,   10)
          (  10,   10) (  10,   10) (  10,   10) (  10,   10) (  10,   10) (  10,   10) (  10,   10) (  10,   10) (  10,   10) (  10,   10)
          (  10,   10) (  10,   10) (  10,   10) (  10,   10) (  10,   10) (  10,   10) (  10,   10) (  10,   10) (  10,   10) (  10,   10)
          (  10,   10) (  10,   10) (  10,   10) (  10,   10) (  10,   10) (  10,   10) (  10,   10) (  10,   10) (  10,   10) (  10,   10)
          (  10,   10) (  10,   10) (  10,   10) (  10,   10) (  10,   10) (  10,   10) (  10,   10) (  10,   10) (  10,   10) (  10,   10)
          (  10,   10) (  10,   10) (  10,   10) (  10,   10) (  10,   10) (  10,   10) (  10,   10) (  10,   10) (  10,   10) (  10,   10)
          (  10,   10) (  10,   10) (  10,   10) (  10,   10) (  10,   10) (  10,   10) (  10,   10) (  10,   10) (  10,   10) (  10,   10)
          (  10,   10) (  10,   10) (  10,   10) (  10,   10) (  10,   10) (  10,   10) (  10,   10) (  10,   10) (  10,   10) (  10,   10)
          (  10,   10) (  10,   10) (  10,   10) (  10,   10) (  10,   10) (  10,   10) (  10,   10) (  10,   10) (  10,   10) (  10,   10)
          (  10,   10) (  10,   10) (  10,   10) (  10,   10) (  10,   10) (  10,   10) (  10,   10) (  10,   10) (  10,   10) (  10,   10)
          (  10,   10) (  10,   10) (  10,   10) (  10,   10) (  10,   10) (  10,   10) (  10,   10) (  10,   10) (  10,   10) (  10,   10)
          (  10,   10) (  10,   10) (  10,   10) (  10,   10) (  10,   10) (  10,   10) (  10,   10) (  10,   10) (  10,   10) (  10,   10)
          (  10,   10) (  10,   10) (  10,   10) (  10,   10) (  10,   10) (  10,   10) (  10,   10) (  10,   10) (  10,   10) (  10,   10)
          (  10,   10) (  10,   10) (  10,   10) (  10,   10) (  10,   10) (  10,   10) (  10,   10) (  10,   10) (  10,   10) (  10,   10)
          (  10,   10) (  10,   10) (  10,   10) (  10,   10) (  10,   10) (  10,   10) (  10,   10) (  10,   10) (  10,   10) (  10,   10)
          (  10,   10) (  10,   10) (  10,   10) (  10,   10) (  10,   10) (  10,   10) (  10,   10) (  10,   10) (  10,   10) (  10,   10)
          (  10,   10) (  10,   10) (  10,   10) (  10,   10) (  10,   10) (  10,   10) (  10,   10) (  10,   10) (  10,   10) (  10,   10)
          (  10,   10) (  10,   10) (  10,   10) (  10,   10) (  10,   10) (  10,   10) (  10,   10) (  10,   10) (  10,   10) (  10,   10)
          (  10,   10) (  10,   10) (  10,   10) (  10,   10) (  10,   10) (  10,   10) (  10,   10) (  10,   10) (  10,   10) (  10,   10)
          (  10,   10) (  10,   10) (  10,   10) (  10,   10) (  10,   10) (  10,   10) (  10,   10) (  10,   10) (  10,   10) (  10,   10)
          (  10,   10) (  10,   10) (  10,   10) (  10,   10) (  10,   10) (  10,   10) (  10,   10) (  10,   10) (  10,   10) (  10,   10)
          (  10,   10) (  10,   10) (  10,   10) (  10,   10) (  10,   10) (  10,   10) (  10,   10) (  10,   10) (  10,   10) (  10,   10)
          (  10,   10) (  10,   10) (  10,   10) (  10,   10) (  10,   10) (  10,   10) (  10,   10) (  10,   10) (  10,   10) (  10,   10)
          (  10,   10) (  10,   10) (  10,   10) (  10,   10) (  10,   10) (  10,   10) (  10,   10) (  10,   10) (  10,   10) (  10,   10)
          (  10,   10) (  10,   10) (  10,   10) (  10,   10) (  10,   10) (  10,   10) (  10,   10) (  10,   10) (  10,   10) (  10,   10)
          (  10,   10) (  10,   10) (  10,   10) (  10,   10) (  10,   10) (  10,   10) (  10,   10) (  10,   10) (  10,   10) (  10,   10)
          (  10,   10) (  10,   10) (  10,   10) (  10,   10) (  10,   10) (  10,   10) (  10,   10) (  10,   10) (  10,   10) (  10,   10)
          (  10,   10) (  10,   10) (  10,   10) (  10,   10) (  10,   10) (  10,   10) (  10,   10) (  10,   10) (  10,   10) (  10,   10)
          (  10,   10) (  10,   10) (  10,   10) (  10,   10) (  10,   10) (  10,   10) (  10,   10) (  10,   10) (  10,   10) (  10,   10)
          (  10,   10) (  10,   10) (  10,   10) (  10,   10) (  10,   10) (  10,   10) (  10,   10) (  10,   10) (  10,   10) (  10,   10)
          (  10,   10) (  10,   10) (  10,   10) (  10,   10) (  10,   10) (  10,   10) (  10,   10) (  10,   10) (  10,   10) (  10,   10)
         
node   1 sent_total   7027  recv_total   6972

node   2  (   1,    0) (   0,    0) (   4,    4) (   8,    8) (  10,   10) (  10,   10) (  10,   10) (  10,   10) (  10,   10) (  10,   10)
          (  10,   10) (  10,   10) (  10,   10) (  10,   10) (  10,   10) (  10,   10) (  10,   10) (  10,   10) (  10,   10) (  10,   10)
          (  10,   10) (  10,   10) (  10,   10) (  10,   10) (  10,   10) (  10,   10) (  10,   10) (  10,   10) (  10,   10) (  10,   10)
          (  10,   10) (  10,   10) (  10,   10) (  10,   10) (  10,   10) (  10,   10) (  10,   10) (  10,   10) (  10,   10) (  10,   10)
          (  10,   10) (  10,   10) (  10,   10) (  10,   10) (  10,   10) (  10,   10) (  10,   10) (  10,   10) (  10,   10) (  10,   10)
          (  10,   10) (  10,   10) (  10,   10) (  10,   10) (  10,   10) (  10,   10) (  10,   10) (  10,   10) (  10,   10) (  10,   10)
          (  10,   10) (  10,   10) (  10,   10) (  10,   10) (  10,   10) (  10,   10) (  10,   10) (  10,   10) (  10,   10) (  10,   10)
          (  10,   10) (  10,   10) (  10,   10) (  10,   10) (  10,   10) (  10,   10) (  10,   10) (  10,   10) (  10,   10) (  10,   10)
          (  10,   10) (  10,   10) (  10,   10) (  10,   10) (  10,   10) (  10,   10) (  10,   10) (  10,   10) (  10,   10) (  10,   10)
          (  10,   10) (  10,   10) (  10,   10) (  10,   10) (  10,   10) (  10,   10) (  10,   10) (  10,   10) (  10,   10) (  10,   10)
          (  10,   10) (  10,   10) (  10,   10) (  10,   10) (  10,   10) (  10,   10) (  10,   10) (  10,   10) (  10,   10) (  10,   10)
          (  10,   10) (  10,   10) (  10,   10) (  10,   10) (  10,   10) (  10,   10) (  10,   10) (  10,   10) (  10,   10) (  10,   10)
          (  10,   10) (  10,   10) (  10,   10) (  10,   10) (  10,   10) (  10,   10) (  10,   10) (  10,   10) (  10,   10) (  10,   10)
          (  10,   10) (  10,   10) (  10,   10) (  10,   10) (  10,   10) (  10,   10) (  10,   10) (  10,   10) (  10,   10) (  10,   10)
          (  10,   10) (  10,   10) (  10,   10) (  10,   10) (  10,   10) (  10,   10) (  10,   10) (  10,   10) (  10,   10) (  10,   10)
          (  10,   10) (  10,   10) (  10,   10) (  10,   10) (  10,   10) (  10,   10) (  10,   10) (  10,   10) (  10,   10) (  10,   10)
          (  10,   10) (  10,   10) (  10,   10) (  10,   10) (  10,   10) (  10,   10) (  10,   10) (  10,   10) (  10,   10) (  10,   10)
          (  10,   10) (  10,   10) (  10,   10) (  10,   10) (  10,   10) (  10,   10) (  10,   10) (  10,   10) (  10,   10) (  10,   10)
          (  10,   10) (  10,   10) (  10,   10) (  10,   10) (  10,   10) (  10,   10) (  10,   10) (  10,   10) (  10,   10) (  10,   10)
          (  10,   10) (  10,   10) (  10,   10) (  10,   10) (  10,   10) (  10,   10) (  10,   10) (  10,   10) (  10,   10) (  10,   10)
          (  10,   10) (  10,   10) (  10,   10) (  10,   10) (  10,   10) (  10,   10) (  10,   10) (  10,   10) (  10,   10) (  10,   10)
          (  10,   10) (  10,   10) (  10,   10) (  10,   10) (  10,   10) (  10,   10) (  10,   10) (  10,   10) (  10,   10) (  10,   10)
          (  10,   10) (  10,   10) (  10,   10) (  10,   10) (  10,   10) (  10,   10) (  10,   10) (  10,   10) (  10,   10) (  10,   10)
          (  10,   10) (  10,   10) (  10,   10) (  10,   10) (  10,   10) (  10,   10) (  10,   10) (  10,   10) (  10,   10) (  10,   10)
          (  10,   10) (  10,   10) (  10,   10) (  10,   10) (  10,   10) (  10,   10) (  10,   10) (  10,   10) (  10,   10) (  10,   10)
          (  10,   10) (  10,   10) (  10,   10) (  10,   10) (  10,   10) (  10,   10) (  10,   10) (  10,   10) (  10,   10) (  10,   10)
          (  10,   10) (  10,   10) (  10,   10) (  10,   10) (  10,   10) (  10,   10) (  10,   10) (  10,   10) (  10,   10) (  10,   10)
          (  10,   10) (  10,   10) (  10,   10) (  10,   10) (  10,   10) (  10,   10) (  10,   10) (  10,   10) (  10,   10) (  10,   10)
          (  10,   10) (  10,   10) (  10,   10) (  10,   10) (  10,   10) (  10,   10) (  10,   10) (  10,   10) (  10,   10) (  10,   10)
          (  10,   10) (  10,   10) (  10,   10) (  10,   10) (  10,   10) (  10,   10) (  10,   10) (  10,   10) (  10,   10) (  10,   10)
          (  10,   10) (  10,   10) (  10,   10) (  10,   10) (  10,   10) (  10,   10) (  10,   10) (  10,   10) (  10,   10) (  10,   10)
          (  10,   10) (  10,   10) (  10,   10) (  10,   10) (  10,   10) (  10,   10) (  10,   10) (  10,   10) (  10,   10) (  10,   10)
          (  10,   10) (  10,   10) (  10,   10) (  10,   10) (  10,   10) (  10,   10) (  10,   10) (  10,   10) (  10,   10) (  10,   10)
          (  10,   10) (  10,   10) (  10,   10) (  10,   10) (  10,   10) (  10,   10) (  10,   10) (  10,   10) (  10,   10) (  10,   10)
          (  10,   10) (  10,   10) (  10,   10) (  10,   10) (  10,   10) (  10,   10) (  10,   10) (  10,   10) (  10,   10) (  10,   10)
          (  10,   10) (  10,   10) (  10,   10) (  10,   10) (  10,   10) (  10,   10) (  10,   10) (  10,   10) (  10,   10) (  10,   10)
          (  10,   10) (  10,   10) (  10,   10) (  10,   10) (  10,   10) (  10,   10) (  10,   10) (  10,   10) (  10,   10) (  10,   10)
          (  10,   10) (  10,   10) (  10,   10) (  10,   10) (  10,   10) (  10,   10) (  10,   10) (  10,   10) (  10,   10) (  10,   10)
          (  10,   10) (  10,   10) (  10,   10) (  10,   10) (  10,   10) (  10,   10) (  10,   10) (  10,   10) (  10,   10) (  10,   10)
          (  10,   10) (  10,   10) (  10,   10) (  10,   10) (  10,   10) (  10,   10) (  10,   10) (  10,   10) (  10,   10) (  10,   10)
          (  10,   10) (  10,   10) (  10,   10) (  10,   10) (  10,   10) (  10,   10) (  10,   10) (  10,   10) (  10,   10) (  10,   10)
          (  10,   10) (  10,   10) (  10,   10) (  10,   10) (  10,   10) (  10,   10) (  10,   10) (  10,   10) (  10,   10) (  10,   10)
          (  10,   10) (  10,   10) (  10,   10) (  10,   10) (  10,   10) (  10,   10) (  10,   10) (  10,   10) (  10,   10) (  10,   10)
          (  10,   10) (  10,   10) (  10,   10) (  10,   10) (  10,   10) (  10,   10) (  10,   10) (  10,   10) (  10,   10) (  10,   10)
          (  10,   10) (  10,   10) (  10,   10) (  10,   10) (  10,   10) (  10,   10) (  10,   10) (  10,   10) (  10,   10) (  10,   10)
          (  10,   10) (  10,   10) (  10,   10) (  10,   10) (  10,   10) (  10,   10) (  10,   10) (  10,   10) (  10,   10) (  10,   10)
          (  10,   10) (  10,   10) (  10,   10) (  10,   10) (  10,   10) (  10,   10) (  10,   10) (  10,   10) (  10,   10) (  10,   10)
          (  10,   10) (  10,   10) (  10,   10) (  10,   10) (  10,   10) (  10,   10) (  10,   10) (  10,   10) (  10,   10) (  10,   10)
          (  10,   10) (  10,   10) (  10,   10) (  10,   10) (  10,   10) (  10,   10) (  10,   10) (  10,   10) (  10,   10) (  10,   10)
          (  10,   10) (  10,   10) (  10,   10) (  10,   10) (  10,   10) (  10,   10) (  10,   10) (  10,   10) (  10,   10) (  10,   10)
          (  10,   10) (  10,   10) (  10,   10) (  10,   10) (  10,   10) (  10,   10) (  10,   10) (  10,   10) (  10,   10) (  10,   10)
          (  10,   10) (  10,   10) (  10,   10) (  10,   10) (  10,   10) (  10,   10) (  10,   10) (  10,   10) (  10,   10) (  10,   10)
          (  10,   10) (  10,   10) (  10,   10) (  10,   10) (  10,   10) (  10,   10) (  10,   10) (  10,   10) (  10,   10) (  10,   10)
          (  10,   10) (  10,   10) (  10,   10) (  10,   10) (  10,   10) (  10,   10) (  10,   10) (  10,   10) (  10,   10) (  10,   10)
          (  10,   10) (  10,   10) (  10,   10) (  10,   10) (  10,   10) (  10,   10) (  10,   10) (  10,   10) (  10,   10) (  10,   10)
          (  10,   10) (  10,   10) (  10,   10) (  10,   10) (  10,   10) (  10,   10) (  10,   10) (  10,   10) (  10,   10) (  10,   10)
          (  10,   10) (  10,   10) (  10,   10) (  10,   10) (  10,   10) (  10,   10) (  10,   10) (  10,   10) (  10,   10) (  10,   10)
          (  10,   10) (  10,   10) (  10,   10) (  10,   10) (  10,   10) (  10,   10) (  10,   10) (  10,   10) (  10,   10) (  10,   10)
          (  10,   10) (  10,   10) (  10,   10) (  10,   10) (  10,   10) (  10,   10) (  10,   10) (  10,   10) (  10,   10) (  10,   10)
          (  10,   10) (  10,   10) (  10,   10) (  10,   10) (  10,   10) (  10,   10) (  10,   10) (  10,   10) (  10,   10) (  10,   10)
          (  10,   10) (  10,   10) (  10,   10) (  10,   10) (  10,   10) (  10,   10) (  10,   10) (  10,   10) (  10,   10) (  10,   10)
          (  10,   10) (  10,   10) (  10,   10) (  10,   10) (  10,   10) (  10,   10) (  10,   10) (  10,   10) (  10,   10) (  10,   10)
          (  10,   10) (  10,   10) (  10,   10) (  10,   10) (  10,   10) (  10,   10) (  10,   10) (  10,   10) (  10,   10) (  10,   10)
          (  10,   10) (  10,   10) (  10,   10) (  10,   10) (  10,   10) (  10,   10) (  10,   10) (  10,   10) (  10,   10) (  10,   10)
          (  10,   10) (  10,   10) (  10,   10) (  10,   10) (  10,   10) (  10,   10) (  10,   10) (  10,   10) (  10,   10) (  10,   10)
          (  10,   10) (  10,   10) (  10,   10) (  10,   10) (  10,   10) (  10,   10) (  10,   10) (  10,   10) (  10,   10) (  10,   10)
          (  10,   10) (  10,   10) (  10,   10) (  10,   10) (  10,   10) (  10,   10) (  10,   10) (  10,   10) (  10,   10) (  10,   10)
          (  10,   10) (  10,   10) (  10,   10) (  10,   10) (  10,   10) (  10,   10) (  10,   10) (  10,   10) (  10,   10) (  10,   10)
          (  10,   10) (  10,   10) (  10,   10) (  10,   10) (  10,   10) (  10,   10) (  10,   10) (  10,   10) (  10,   10) (  10,   10)
          (  10,   10) (  10,   10) (  10,   10) (  10,   10) (  10,   10) (  10,   10) (  10,   10) (  10,   10) (  10,   10) (  10,   10)
         
node   2 sent_total   6973  recv_total   6972

node   3  (   1,    0) (   0,    0) (   4,    3) (   8,    8) (  10,   10) (  10,   10) (  10,   10) (  10,   10) (  10,   10) (  10,   10)
          (  10,   10) (  10,   10) (  10,   10) (  10,   10) (  10,   10) (  10,   10) (  10,   10) (  10,   10) (  10,   10) (  10,   10)
          (  10,   10) (  10,   10) (  10,   10) (  10,   10) (  10,   10) (  10,   10) (  10,   10) (  10,   10) (  10,   10) (  10,   10)
          (  10,   10) (  10,   10) (  10,   10) (  10,   10) (  10,   10) (  10,   10) (  10,   10) (  10,   10) (  10,   10) (  10,   10)
          (  10,   10) (  10,   10) (  10,   10) (  10,   10) (  10,   10) (  10,   10) (  10,   10) (  10,   10) (  10,   10) (  10,   10)
          (  10,   10) (  10,   10) (  10,   10) (  10,   10) (  10,   10) (  10,   10) (  10,   10) (  10,   10) (  10,   10) (  10,   10)
          (  10,   10) (  10,   10) (  10,   10) (  10,   10) (  10,   10) (  10,   10) (  10,   10) (  10,   10) (  10,   10) (  10,   10)
          (  10,   10) (  10,   10) (  10,   10) (  10,   10) (  10,   10) (  10,   10) (  10,   10) (  10,   10) (  10,   10) (  10,   10)
          (  10,   10) (  10,   10) (  10,   10) (  10,   10) (  10,   10) (  10,   10) (  10,   10) (  10,   10) (  10,   10) (  10,   10)
          (  10,   10) (  10,   10) (  10,   10) (  10,   10) (  10,   10) (  10,   10) (  10,   10) (  10,   10) (  10,   10) (  10,   10)
          (  10,   10) (  10,   10) (  10,   10) (  10,   10) (  10,   10) (  10,   10) (  10,   10) (  10,   10) (  10,   10) (  10,   10)
          (  10,   10) (  10,   10) (  10,   10) (  10,   10) (  10,   10) (  10,   10) (  10,   10) (  10,   10) (  10,   10) (  10,   10)
          (  10,   10) (  10,   10) (  10,   10) (  10,   10) (  10,   10) (  10,   10) (  10,   10) (  10,   10) (  10,   10) (  10,   10)
          (  10,   10) (  10,   10) (  10,   10) (  10,   10) (  10,   10) (  10,   10) (  10,   10) (  10,   10) (  10,   10) (  10,   10)
          (  10,   10) (  10,   10) (  10,   10) (  10,   10) (  10,   10) (  10,   10) (  10,   10) (  10,   10) (  10,   10) (  10,   10)
          (  10,   10) (  10,   10) (  10,   10) (  10,   10) (  10,   10) (  10,   10) (  10,   10) (  10,   10) (  10,   10) (  10,   10)
          (  10,   10) (  10,   10) (  10,   10) (  10,   10) (  10,   10) (  10,   10) (  10,   10) (  10,   10) (  10,   10) (  10,   10)
          (  10,   10) (  10,   10) (  10,   10) (  10,   10) (  10,   10) (  10,   10) (  10,   10) (  10,   10) (  10,   10) (  10,   10)
          (  10,   10) (  10,   10) (  10,   10) (  10,   10) (  10,   10) (  10,   10) (  10,   10) (  10,   10) (  10,   10) (  10,   10)
          (  10,   10) (  10,   10) (  10,   10) (  10,   10) (  10,   10) (  10,   10) (  10,   10) (  10,   10) (  10,   10) (  10,   10)
          (  10,   10) (  10,   10) (  10,   10) (  10,   10) (  10,   10) (  10,   10) (  10,   10) (  10,   10) (  10,   10) (  10,   10)
          (  10,   10) (  10,   10) (  10,   10) (  10,   10) (  10,   10) (  10,   10) (  10,   10) (  10,   10) (  10,   10) (  10,   10)
          (  10,   10) (  10,   10) (  10,   10) (  10,   10) (  10,   10) (  10,   10) (  10,   10) (  10,   10) (  10,   10) (  10,   10)
          (  10,   10) (  10,   10) (  10,   10) (  10,   10) (  10,   10) (  10,   10) (  10,   10) (  10,   10) (  10,   10) (  10,   10)
          (  10,   10) (  10,   10) (  10,   10) (  10,   10) (  10,   10) (  10,   10) (  10,   10) (  10,   10) (  10,   10) (  10,   10)
          (  10,   10) (  10,   10) (  10,   10) (  10,   10) (  10,   10) (  10,   10) (  10,   10) (  10,   10) (  10,   10) (  10,   10)
          (  10,   10) (  10,   10) (  10,   10) (  10,   10) (  10,   10) (  10,   10) (  10,   10) (  10,   10) (  10,   10) (  10,   10)
          (  10,   10) (  10,   10) (  10,   10) (  10,   10) (  10,   10) (  10,   10) (  10,   10) (  10,   10) (  10,   10) (  10,   10)
          (  10,   10) (  10,   10) (  10,   10) (  10,   10) (  10,   10) (  10,   10) (  10,   10) (  10,   10) (  10,   10) (  10,   10)
          (  10,   10) (  10,   10) (  10,   10) (  10,   10) (  10,   10) (  10,   10) (  10,   10) (  10,   10) (  10,   10) (  10,   10)
          (  10,   10) (  10,   10) (  10,   10) (  10,   10) (  10,   10) (  10,   10) (  10,   10) (  10,   10) (  10,   10) (  10,   10)
          (  10,   10) (  10,   10) (  10,   10) (  10,   10) (  10,   10) (  10,   10) (  10,   10) (  10,   10) (  10,   10) (  10,   10)
          (  10,   10) (  10,   10) (  10,   10) (  10,   10) (  10,   10) (  10,   10) (  10,   10) (  10,   10) (  10,   10) (  10,   10)
          (  10,   10) (  10,   10) (  10,   10) (  10,   10) (  10,   10) (  10,   10) (  10,   10) (  10,   10) (  10,   10) (  10,   10)
          (  10,   10) (  10,   10) (  10,   10) (  10,   10) (  10,   10) (  10,   10) (  10,   10) (  10,   10) (  10,   10) (  10,   10)
          (  10,   10) (  10,   10) (  10,   10) (  10,   10) (  10,   10) (  10,   10) (  10,   10) (  10,   10) (  10,   10) (  10,   10)
          (  10,   10) (  10,   10) (  10,   10) (  10,   10) (  10,   10) (  10,   10) (  10,   10) (  10,   10) (  10,   10) (  10,   10)
          (  10,   10) (  10,   10) (  10,   10) (  10,   10) (  10,   10) (  10,   10) (  10,   10) (  10,   10) (  10,   10) (  10,   10)
          (  10,   10) (  10,   10) (  10,   10) (  10,   10) (  10,   10) (  10,   10) (  10,   10) (  10,   10) (  10,   10) (  10,   10)
          (  10,   10) (  10,   10) (  10,   10) (  10,   10) (  10,   10) (  10,   10) (  10,   10) (  10,   10) (  10,   10) (  10,   10)
          (  10,   10) (  10,   10) (  10,   10) (  10,   10) (  10,   10) (  10,   10) (  10,   10) (  10,   10) (  10,   10) (  10,   10)
          (  10,   10) (  10,   10) (  10,   10) (  10,   10) (  10,   10) (  10,   10) (  10,   10) (  10,   10) (  10,   10) (  10,   10)
          (  10,   10) (  10,   10) (  10,   10) (  10,   10) (  10,   10) (  10,   10) (  10,   10) (  10,   10) (  10,   10) (  10,   10)
          (  10,   10) (  10,   10) (  10,   10) (  10,   10) (  10,   10) (  10,   10) (  10,   10) (  10,   10) (  10,   10) (  10,   10)
          (  10,   10) (  10,   10) (  10,   10) (  10,   10) (  10,   10) (  10,   10) (  10,   10) (  10,   10) (  10,   10) (  10,   10)
          (  10,   10) (  10,   10) (  10,   10) (  10,   10) (  10,   10) (  10,   10) (  10,   10) (  10,   10) (  10,   10) (  10,   10)
          (  10,   10) (  10,   10) (  10,   10) (  10,   10) (  10,   10) (  10,   10) (  10,   10) (  10,   10) (  10,   10) (  10,   10)
          (  10,   10) (  10,   10) (  10,   10) (  10,   10) (  10,   10) (  10,   10) (  10,   10) (  10,   10) (  10,   10) (  10,   10)
          (  10,   10) (  10,   10) (  10,   10) (  10,   10) (  10,   10) (  10,   10) (  10,   10) (  10,   10) (  10,   10) (  10,   10)
          (  10,   10) (  10,   10) (  10,   10) (  10,   10) (  10,   10) (  10,   10) (  10,   10) (  10,   10) (  10,   10) (  10,   10)
          (  10,   10) (  10,   10) (  10,   10) (  10,   10) (  10,   10) (  10,   10) (  10,   10) (  10,   10) (  10,   10) (  10,   10)
          (  10,   10) (  10,   10) (  10,   10) (  10,   10) (  10,   10) (  10,   10) (  10,   10) (  10,   10) (  10,   10) (  10,   10)
          (  10,   10) (  10,   10) (  10,   10) (  10,   10) (  10,   10) (  10,   10) (  10,   10) (  10,   10) (  10,   10) (  10,   10)
          (  10,   10) (  10,   10) (  10,   10) (  10,   10) (  10,   10) (  10,   10) (  10,   10) (  10,   10) (  10,   10) (  10,   10)
          (  10,   10) (  10,   10) (  10,   10) (  10,   10) (  10,   10) (  10,   10) (  10,   10) (  10,   10) (  10,   10) (  10,   10)
          (  10,   10) (  10,   10) (  10,   10) (  10,   10) (  10,   10) (  10,   10) (  10,   10) (  10,   10) (  10,   10) (  10,   10)
          (  10,   10) (  10,   10) (  10,   10) (  10,   10) (  10,   10) (  10,   10) (  10,   10) (  10,   10) (  10,   10) (  10,   10)
          (  10,   10) (  10,   10) (  10,   10) (  10,   10) (  10,   10) (  10,   10) (  10,   10) (  10,   10) (  10,   10) (  10,   10)
          (  10,   10) (  10,   10) (  10,   10) (  10,   10) (  10,   10) (  10,   10) (  10,   10) (  10,   10) (  10,   10) (  10,   10)
          (  10,   10) (  10,   10) (  10,   10) (  10,   10) (  10,   10) (  10,   10) (  10,   10) (  10,   10) (  10,   10) (  10,   10)
          (  10,   10) (  10,   10) (  10,   10) (  10,   10) (  10,   10) (  10,   10) (  10,   10) (  10,   10) (  10,   10) (  10,   10)
          (  10,   10) (  10,   10) (  10,   10) (  10,   10) (  10,   10) (  10,   10) (  10,   10) (  10,   10) (  10,   10) (  10,   10)
          (  10,   10) (  10,   10) (  10,   10) (  10,   10) (  10,   10) (  10,   10) (  10,   10) (  10,   10) (  10,   10) (  10,   10)
          (  10,   10) (  10,   10) (  10,   10) (  10,   10) (  10,   10) (  10,   10) (  10,   10) (  10,   10) (  10,   10) (  10,   10)
          (  10,   10) (  10,   10) (  10,   10) (  10,   10) (  10,   10) (  10,   10) (  10,   10) (  10,   10) (  10,   10) (  10,   10)
          (  10,   10) (  10,   10) (  10,   10) (  10,   10) (  10,   10) (  10,   10) (  10,   10) (  10,   10) (  10,   10) (  10,   10)
          (  10,   10) (  10,   10) (  10,   10) (  10,   10) (  10,   10) (  10,   10) (  10,   10) (  10,   10) (  10,   10) (  10,   10)
          (  10,   10) (  10,   10) (  10,   10) (  10,   10) (  10,   10) (  10,   10) (  10,   10) (  10,   10) (  10,   10) (  10,   10)
          (  10,   10) (  10,   10) (  10,   10) (  10,   10) (  10,   10) (  10,   10) (  10,   10) (  10,   10) (  10,   10) (  10,   10)
          (  10,   10) (  10,   10) (  10,   10) (  10,   10) (  10,   10) (  10,   10) (  10,   10) (  10,   10) (  10,   10) (  10,   10)
         
node   3 sent_total   6973  recv_total   6971

node   4  (   1,    0) (   0,    0) (   4,    2) (   8,    8) (  10,   10) (  10,   10) (  10,   10) (  10,   10) (  10,   10) (  10,   10)
          (  10,   10) (  10,   10) (  10,   10) (  10,   10) (  10,   10) (  10,   10) (  10,   10) (  10,   10) (  10,   10) (  10,   10)
          (  10,   10) (  10,   10) (  10,   10) (  10,   10) (  10,   10) (  10,   10) (  10,   10) (  10,   10) (  10,   10) (  10,   10)
          (  10,   10) (  10,   10) (  10,   10) (  10,   10) (  10,   10) (  10,   10) (  10,   10) (  10,   10) (  10,   10) (  10,   10)
          (  10,   10) (  10,   10) (  10,   10) (  10,   10) (  10,   10) (  10,   10) (  10,   10) (  10,   10) (  10,   10) (  10,   10)
          (  10,   10) (  10,   10) (  10,   10) (  10,   10) (  10,   10) (  10,   10) (  10,   10) (  10,   10) (  10,   10) (  10,   10)
          (  10,   10) (  10,   10) (  10,   10) (  10,   10) (  10,   10) (  10,   10) (  10,   10) (  10,   10) (  10,   10) (  10,   10)
          (  10,   10) (  10,   10) (  10,   10) (  10,   10) (  10,   10) (  10,   10) (  10,   10) (  10,   10) (  10,   10) (  10,   10)
          (  10,   10) (  10,   10) (  10,   10) (  10,   10) (  10,   10) (  10,   10) (  10,   10) (  10,   10) (  10,   10) (  10,   10)
          (  10,   10) (  10,   10) (  10,   10) (  10,   10) (  10,   10) (  10,   10) (  10,   10) (  10,   10) (  10,   10) (  10,   10)
          (  10,   10) (  10,   10) (  10,   10) (  10,   10) (  10,   10) (  10,   10) (  10,   10) (  10,   10) (  10,   10) (  10,   10)
          (  10,   10) (  10,   10) (  10,   10) (  10,   10) (  10,   10) (  10,   10) (  10,   10) (  10,   10) (  10,   10) (  10,   10)
          (  10,   10) (  10,   10) (  10,   10) (  10,   10) (  10,   10) (  10,   10) (  10,   10) (  10,   10) (  10,   10) (  10,   10)
          (  10,   10) (  10,   10) (  10,   10) (  10,   10) (  10,   10) (  10,   10) (  10,   10) (  10,   10) (  10,   10) (  10,   10)
          (  10,   10) (  10,   10) (  10,   10) (  10,   10) (  10,   10) (  10,   10) (  10,   10) (  10,   10) (  10,   10) (  10,   10)
          (  10,   10) (  10,   10) (  10,   10) (  10,   10) (  10,   10) (  10,   10) (  10,   10) (  10,   10) (  10,   10) (  10,   10)
          (  10,   10) (  10,   10) (  10,   10) (  10,   10) (  10,   10) (  10,   10) (  10,   10) (  10,   10) (  10,   10) (  10,   10)
          (  10,   10) (  10,   10) (  10,   10) (  10,   10) (  10,   10) (  10,   10) (  10,   10) (  10,   10) (  10,   10) (  10,   10)
          (  10,   10) (  10,   10) (  10,   10) (  10,   10) (  10,   10) (  10,   10) (  10,   10) (  10,   10) (  10,   10) (  10,   10)
          (  10,   10) (  10,   10) (  10,   10) (  10,   10) (  10,   10) (  10,   10) (  10,   10) (  10,   10) (  10,   10) (  10,   10)
          (  10,   10) (  10,   10) (  10,   10) (  10,   10) (  10,   10) (  10,   10) (  10,   10) (  10,   10) (  10,   10) (  10,   10)
          (  10,   10) (  10,   10) (  10,   10) (  10,   10) (  10,   10) (  10,   10) (  10,   10) (  10,   10) (  10,   10) (  10,   10)
          (  10,   10) (  10,   10) (  10,   10) (  10,   10) (  10,   10) (  10,   10) (  10,   10) (  10,   10) (  10,   10) (  10,   10)
          (  10,   10) (  10,   10) (  10,   10) (  10,   10) (  10,   10) (  10,   10) (  10,   10) (  10,   10) (  10,   10) (  10,   10)
          (  10,   10) (  10,   10) (  10,   10) (  10,   10) (  10,   10) (  10,   10) (  10,   10) (  10,   10) (  10,   10) (  10,   10)
          (  10,   10) (  10,   10) (  10,   10) (  10,   10) (  10,   10) (  10,   10) (  10,   10) (  10,   10) (  10,   10) (  10,   10)
          (  10,   10) (  10,   10) (  10,   10) (  10,   10) (  10,   10) (  10,   10) (  10,   10) (  10,   10) (  10,   10) (  10,   10)
          (  10,   10) (  10,   10) (  10,   10) (  10,   10) (  10,   10) (  10,   10) (  10,   10) (  10,   10) (  10,   10) (  10,   10)
          (  10,   10) (  10,   10) (  10,   10) (  10,   10) (  10,   10) (  10,   10) (  10,   10) (  10,   10) (  10,   10) (  10,   10)
          (  10,   10) (  10,   10) (  10,   10) (  10,   10) (  10,   10) (  10,   10) (  10,   10) (  10,   10) (  10,   10) (  10,   10)
          (  10,   10) (  10,   10) (  10,   10) (  10,   10) (  10,   10) (  10,   10) (  10,   10) (  10,   10) (  10,   10) (  10,   10)
          (  10,   10) (  10,   10) (  10,   10) (  10,   10) (  10,   10) (  10,   10) (  10,   10) (  10,   10) (  10,   10) (  10,   10)
          (  10,   10) (  10,   10) (  10,   10) (  10,   10) (  10,   10) (  10,   10) (  10,   10) (  10,   10) (  10,   10) (  10,   10)
          (  10,   10) (  10,   10) (  10,   10) (  10,   10) (  10,   10) (  10,   10) (  10,   10) (  10,   10) (  10,   10) (  10,   10)
          (  10,   10) (  10,   10) (  10,   10) (  10,   10) (  10,   10) (  10,   10) (  10,   10) (  10,   10) (  10,   10) (  10,   10)
          (  10,   10) (  10,   10) (  10,   10) (  10,   10) (  10,   10) (  10,   10) (  10,   10) (  10,   10) (  10,   10) (  10,   10)
          (  10,   10) (  10,   10) (  10,   10) (  10,   10) (  10,   10) (  10,   10) (  10,   10) (  10,   10) (  10,   10) (  10,   10)
          (  10,   10) (  10,   10) (  10,   10) (  10,   10) (  10,   10) (  10,   10) (  10,   10) (  10,   10) (  10,   10) (  10,   10)
          (  10,   10) (  10,   10) (  10,   10) (  10,   10) (  10,   10) (  10,   10) (  10,   10) (  10,   10) (  10,   10) (  10,   10)
          (  10,   10) (  10,   10) (  10,   10) (  10,   10) (  10,   10) (  10,   10) (  10,   10) (  10,   10) (  10,   10) (  10,   10)
          (  10,   10) (  10,   10) (  10,   10) (  10,   10) (  10,   10) (  10,   10) (  10,   10) (  10,   10) (  10,   10) (  10,   10)
          (  10,   10) (  10,   10) (  10,   10) (  10,   10) (  10,   10) (  10,   10) (  10,   10) (  10,   10) (  10,   10) (  10,   10)
          (  10,   10) (  10,   10) (  10,   10) (  10,   10) (  10,   10) (  10,   10) (  10,   10) (  10,   10) (  10,   10) (  10,   10)
          (  10,   10) (  10,   10) (  10,   10) (  10,   10) (  10,   10) (  10,   10) (  10,   10) (  10,   10) (  10,   10) (  10,   10)
          (  10,   10) (  10,   10) (  10,   10) (  10,   10) (  10,   10) (  10,   10) (  10,   10) (  10,   10) (  10,   10) (  10,   10)
          (  10,   10) (  10,   10) (  10,   10) (  10,   10) (  10,   10) (  10,   10) (  10,   10) (  10,   10) (  10,   10) (  10,   10)
          (  10,   10) (  10,   10) (  10,   10) (  10,   10) (  10,   10) (  10,   10) (  10,   10) (  10,   10) (  10,   10) (  10,   10)
          (  10,   10) (  10,   10) (  10,   10) (  10,   10) (  10,   10) (  10,   10) (  10,   10) (  10,   10) (  10,   10) (  10,   10)
          (  10,   10) (  10,   10) (  10,   10) (  10,   10) (  10,   10) (  10,   10) (  10,   10) (  10,   10) (  10,   10) (  10,   10)
          (  10,   10) (  10,   10) (  10,   10) (  10,   10) (  10,   10) (  10,   10) (  10,   10) (  10,   10) (  10,   10) (  10,   10)
          (  10,   10) (  10,   10) (  10,   10) (  10,   10) (  10,   10) (  10,   10) (  10,   10) (  10,   10) (  10,   10) (  10,   10)
          (  10,   10) (  10,   10) (  10,   10) (  10,   10) (  10,   10) (  10,   10) (  10,   10) (  10,   10) (  10,   10) (  10,   10)
          (  10,   10) (  10,   10) (  10,   10) (  10,   10) (  10,   10) (  10,   10) (  10,   10) (  10,   10) (  10,   10) (  10,   10)
          (  10,   10) (  10,   10) (  10,   10) (  10,   10) (  10,   10) (  10,   10) (  10,   10) (  10,   10) (  10,   10) (  10,   10)
          (  10,   10) (  10,   10) (  10,   10) (  10,   10) (  10,   10) (  10,   10) (  10,   10) (  10,   10) (  10,   10) (  10,   10)
          (  10,   10) (  10,   10) (  10,   10) (  10,   10) (  10,   10) (  10,   10) (  10,   10) (  10,   10) (  10,   10) (  10,   10)
          (  10,   10) (  10,   10) (  10,   10) (  10,   10) (  10,   10) (  10,   10) (  10,   10) (  10,   10) (  10,   10) (  10,   10)
          (  10,   10) (  10,   10) (  10,   10) (  10,   10) (  10,   10) (  10,   10) (  10,   10) (  10,   10) (  10,   10) (  10,   10)
          (  10,   10) (  10,   10) (  10,   10) (  10,   10) (  10,   10) (  10,   10) (  10,   10) (  10,   10) (  10,   10) (  10,   10)
          (  10,   10) (  10,   10) (  10,   10) (  10,   10) (  10,   10) (  10,   10) (  10,   10) (  10,   10) (  10,   10) (  10,   10)
          (  10,   10) (  10,   10) (  10,   10) (  10,   10) (  10,   10) (  10,   10) (  10,   10) (  10,   10) (  10,   10) (  10,   10)
          (  10,   10) (  10,   10) (  10,   10) (  10,   10) (  10,   10) (  10,   10) (  10,   10) (  10,   10) (  10,   10) (  10,   10)
          (  10,   10) (  10,   10) (  10,   10) (  10,   10) (  10,   10) (  10,   10) (  10,   10) (  10,   10) (  10,   10) (  10,   10)
          (  10,   10) (  10,   10) (  10,   10) (  10,   10) (  10,   10) (  10,   10) (  10,   10) (  10,   10) (  10,   10) (  10,   10)
          (  10,   10) (  10,   10) (  10,   10) (  10,   10) (  10,   10) (  10,   10) (  10,   10) (  10,   10) (  10,   10) (  10,   10)
          (  10,   10) (  10,   10) (  10,   10) (  10,   10) (  10,   10) (  10,   10) (  10,   10) (  10,   10) (  10,   10) (  10,   10)
          (  10,   10) (  10,   10) (  10,   10) (  10,   10) (  10,   10) (  10,   10) (  10,   10) (  10,   10) (  10,   10) (  10,   10)
          (  10,   10) (  10,   10) (  10,   10) (  10,   10) (  10,   10) (  10,   10) (  10,   10) (  10,   10) (  10,   10) (  10,   10)
          (  10,   10) (  10,   10) (  10,   10) (  10,   10) (  10,   10) (  10,   10) (  10,   10) (  10,   10) (  10,   10) (  10,   10)
          (  10,   10) (  10,   10) (  10,   10) (  10,   10) (  10,   10) (  10,   10) (  10,   10) (  10,   10) (  10,   10) (  10,   10)
         
node   4 sent_total   6973  recv_total   6970

node   5  (   0,    0) (   1,    0) (   0,    0) (   8,    5) (  10,   10) (  10,   10) (  10,   10) (  10,   10) (  10,   10) (  10,   10)
          (  10,   10) (  10,   10) (  10,   10) (  10,   10) (  10,   10) (  10,   10) (  10,   10) (  10,   10) (  10,   10) (  10,   10)
          (  10,   10) (  10,   10) (  10,   10) (  10,   10) (  10,   10) (  10,   10) (  10,   10) (  10,   10) (  10,   10) (  10,   10)
          (  10,   10) (  10,   10) (  10,   10) (  10,   10) (  10,   10) (  10,   10) (  10,   10) (  10,   10) (  10,   10) (  10,   10)
          (  10,   10) (  10,   10) (  10,   10) (  10,   10) (  10,   10) (  10,   10) (  10,   10) (  10,   10) (  10,   10) (  10,   10)
          (  10,   10) (  10,   10) (  10,   10) (  10,   10) (  10,   10) (  10,   10) (  10,   10) (  10,   10) (  10,   10) (  10,   10)
          (  10,   10) (  10,   10) (  10,   10) (  10,   10) (  10,   10) (  10,   10) (  10,   10) (  10,   10) (  10,   10) (  10,   10)
          (  10,   10) (  10,   10) (  10,   10) (  10,   10) (  10,   10) (  10,   10) (  10,   10) (  10,   10) (  10,   10) (  10,   10)
          (  10,   10) (  10,   10) (  10,   10) (  10,   10) (  10,   10) (  10,   10) (  10,   10) (  10,   10) (  10,   10) (  10,   10)
          (  10,   10) (  10,   10) (  10,   10) (  10,   10) (  10,   10) (  10,   10) (  10,   10) (  10,   10) (  10,   10) (  10,   10)
          (  10,   10) (  10,   10) (  10,   10) (  10,   10) (  10,   10) (  10,   10) (  10,   10) (  10,   10) (  10,   10) (  10,   10)
          (  10,   10) (  10,   10) (  10,   10) (  10,   10) (  10,   10) (  10,   10) (  10,   10) (  10,   10) (  10,   10) (  10,   10)
          (  10,   10) (  10,   10) (  10,   10) (  10,   10) (  10,   10) (  10,   10) (  10,   10) (  10,   10) (  10,   10) (  10,   10)
          (  10,   10) (  10,   10) (  10,   10) (  10,   10) (  10,   10) (  10,   10) (  10,   10) (  10,   10) (  10,   10) (  10,   10)
          (  10,   10) (  10,   10) (  10,   10) (  10,   10) (  10,   10) (  10,   10) (  10,   10) (  10,   10) (  10,   10) (  10,   10)
          (  10,   10) (  10,   10) (  10,   10) (  10,   10) (  10,   10) (  10,   10) (  10,   10) (  10,   10) (  10,   10) (  10,   10)
          (  10,   10) (  10,   10) (  10,   10) (  10,   10) (  10,   10) (  10,   10) (  10,   10) (  10,   10) (  10,   10) (  10,   10)
          (  10,   10) (  10,   10) (  10,   10) (  10,   10) (  10,   10) (  10,   10) (  10,   10) (  10,   10) (  10,   10) (  10,   10)
          (  10,   10) (  10,   10) (  10,   10) (  10,   10) (  10,   10) (  10,   10) (  10,   10) (  10,   10) (  10,   10) (  10,   10)
          (  10,   10) (  10,   10) (  10,   10) (  10,   10) (  10,   10) (  10,   10) (  10,   10) (  10,   10) (  10,   10) (  10,   10)
          (  10,   10) (  10,   10) (  10,   10) (  10,   10) (  10,   10) (  10,   10) (  10,   10) (  10,   10) (  10,   10) (  10,   10)
          (  10,   10) (  10,   10) (  10,   10) (  10,   10) (  10,   10) (  10,   10) (  10,   10) (  10,   10) (  10,   10) (  10,   10)
          (  10,   10) (  10,   10) (  10,   10) (  10,   10) (  10,   10) (  10,   10) (  10,   10) (  10,   10) (  10,   10) (  10,   10)
          (  10,   10) (  10,   10) (  10,   10) (  10,   10) (  10,   10) (  10,   10) (  10,   10) (  10,   10) (  10,   10) (  10,   10)
          (  10,   10) (  10,   10) (  10,   10) (  10,   10) (  10,   10) (  10,   10) (  10,   10) (  10,   10) (  10,   10) (  10,   10)
          (  10,   10) (  10,   10) (  10,   10) (  10,   10) (  10,   10) (  10,   10) (  10,   10) (  10,   10) (  10,   10) (  10,   10)
          (  10,   10) (  10,   10) (  10,   10) (  10,   10) (  10,   10) (  10,   10) (  10,   10) (  10,   10) (  10,   10) (  10,   10)
          (  10,   10) (  10,   10) (  10,   10) (  10,   10) (  10,   10) (  10,   10) (  10,   10) (  10,   10) (  10,   10) (  10,   10)
          (  10,   10) (  10,   10) (  10,   10) (  10,   10) (  10,   10) (  10,   10) (  10,   10) (  10,   10) (  10,   10) (  10,   10)
          (  10,   10) (  10,   10) (  10,   10) (  10,   10) (  10,   10) (  10,   10) (  10,   10) (  10,   10) (  10,   10) (  10,   10)
          (  10,   10) (  10,   10) (  10,   10) (  10,   10) (  10,   10) (  10,   10) (  10,   10) (  10,   10) (  10,   10) (  10,   10)
          (  10,   10) (  10,   10) (  10,   10) (  10,   10) (  10,   10) (  10,   10) (  10,   10) (  10,   10) (  10,   10) (  10,   10)
          (  10,   10) (  10,   10) (  10,   10) (  10,   10) (  10,   10) (  10,   10) (  10,   10) (  10,   10) (  10,   10) (  10,   10)
          (  10,   10) (  10,   10) (  10,   10) (  10,   10) (  10,   10) (  10,   10) (  10,   10) (  10,   10) (  10,   10) (  10,   10)
          (  10,   10) (  10,   10) (  10,   10) (  10,   10) (  10,   10) (  10,   10) (  10,   10) (  10,   10) (  10,   10) (  10,   10)
          (  10,   10) (  10,   10) (  10,   10) (  10,   10) (  10,   10) (  10,   10) (  10,   10) (  10,   10) (  10,   10) (  10,   10)
          (  10,   10) (  10,   10) (  10,   10) (  10,   10) (  10,   10) (  10,   10) (  10,   10) (  10,   10) (  10,   10) (  10,   10)
          (  10,   10) (  10,   10) (  10,   10) (  10,   10) (  10,   10) (  10,   10) (  10,   10) (  10,   10) (  10,   10) (  10,   10)
          (  10,   10) (  10,   10) (  10,   10) (  10,   10) (  10,   10) (  10,   10) (  10,   10) (  10,   10) (  10,   10) (  10,   10)
          (  10,   10) (  10,   10) (  10,   10) (  10,   10) (  10,   10) (  10,   10) (  10,   10) (  10,   10) (  10,   10) (  10,   10)
          (  10,   10) (  10,   10) (  10,   10) (  10,   10) (  10,   10) (  10,   10) (  10,   10) (  10,   10) (  10,   10) (  10,   10)
          (  10,   10) (  10,   10) (  10,   10) (  10,   10) (  10,   10) (  10,   10) (  10,   10) (  10,   10) (  10,   10) (  10,   10)
          (  10,   10) (  10,   10) (  10,   10) (  10,   10) (  10,   10) (  10,   10) (  10,   10) (  10,   10) (  10,   10) (  10,   10)
          (  10,   10) (  10,   10) (  10,   10) (  10,   10) (  10,   10) (  10,   10) (  10,   10) (  10,   10) (  10,   10) (  10,   10)
          (  10,   10) (  10,   10) (  10,   10) (  10,   10) (  10,   10) (  10,   10) (  10,   10) (  10,   10) (  10,   10) (  10,   10)
          (  10,   10) (  10,   10) (  10,   10) (  10,   10) (  10,   10) (  10,   10) (  10,   10) (  10,   10) (  10,   10) (  10,   10)
          (  10,   10) (  10,   10) (  10,   10) (  10,   10) (  10,   10) (  10,   10) (  10,   10) (  10,   10) (  10,   10) (  10,   10)
          (  10,   10) (  10,   10) (  10,   10) (  10,   10) (  10,   10) (  10,   10) (  10,   10) (  10,   10) (  10,   10) (  10,   10)
          (  10,   10) (  10,   10) (  10,   10) (  10,   10) (  10,   10) (  10,   10) (  10,   10) (  10,   10) (  10,   10) (  10,   10)
          (  10,   10) (  10,   10) (  10,   10) (  10,   10) (  10,   10) (  10,   10) (  10,   10) (  10,   10) (  10,   10) (  10,   10)
          (  10,   10) (  10,   10) (  10,   10) (  10,   10) (  10,   10) (  10,   10) (  10,   10) (  10,   10) (  10,   10) (  10,   10)
          (  10,   10) (  10,   10) (  10,   10) (  10,   10) (  10,   10) (  10,   10) (  10,   10) (  10,   10) (  10,   10) (  10,   10)
          (  10,   10) (  10,   10) (  10,   10) (  10,   10) (  10,   10) (  10,   10) (  10,   10) (  10,   10) (  10,   10) (  10,   10)
          (  10,   10) (  10,   10) (  10,   10) (  10,   10) (  10,   10) (  10,   10) (  10,   10) (  10,   10) (  10,   10) (  10,   10)
          (  10,   10) (  10,   10) (  10,   10) (  10,   10) (  10,   10) (  10,   10) (  10,   10) (  10,   10) (  10,   10) (  10,   10)
          (  10,   10) (  10,   10) (  10,   10) (  10,   10) (  10,   10) (  10,   10) (  10,   10) (  10,   10) (  10,   10) (  10,   10)
          (  10,   10) (  10,   10) (  10,   10) (  10,   10) (  10,   10) (  10,   10) (  10,   10) (  10,   10) (  10,   10) (  10,   10)
          (  10,   10) (  10,   10) (  10,   10) (  10,   10) (  10,   10) (  10,   10) (  10,   10) (  10,   10) (  10,   10) (  10,   10)
          (  10,   10) (  10,   10) (  10,   10) (  10,   10) (  10,   10) (  10,   10) (  10,   10) (  10,   10) (  10,   10) (  10,   10)
          (  10,   10) (  10,   10) (  10,   10) (  10,   10) (  10,   10) (  10,   10) (  10,   10) (  10,   10) (  10,   10) (  10,   10)
          (  10,   10) (  10,   10) (  10,   10) (  10,   10) (  10,   10) (  10,   10) (  10,   10) (  10,   10) (  10,   10) (  10,   10)
          (  10,   10) (  10,   10) (  10,   10) (  10,   10) (  10,   10) (  10,   10) (  10,   10) (  10,   10) (  10,   10) (  10,   10)
          (  10,   10) (  10,   10) (  10,   10) (  10,   10) (  10,   10) (  10,   10) (  10,   10) (  10,   10) (  10,   10) (  10,   10)
          (  10,   10) (  10,   10) (  10,   10) (  10,   10) (  10,   10) (  10,   10) (  10,   10) (  10,   10) (  10,   10) (  10,   10)
          (  10,   10) (  10,   10) (  10,   10) (  10,   10) (  10,   10) (  10,   10) (  10,   10) (  10,   10) (  10,   10) (  10,   10)
          (  10,   10) (  10,   10) (  10,   10) (  10,   10) (  10,   10) (  10,   10) (  10,   10) (  10,   10) (  10,   10) (  10,   10)
          (  10,   10) (  10,   10) (  10,   10) (  10,   10) (  10,   10) (  10,   10) (  10,   10) (  10,   10) (  10,   10) (  10,   10)
          (  10,   10) (  10,   10) (  10,   10) (  10,   10) (  10,   10) (  10,   10) (  10,   10) (  10,   10) (  10,   10) (  10,   10)
          (  10,   10) (  10,   10) (  10,   10) (  10,   10) (  10,   10) (  10,   10) (  10,   10) (  10,   10) (  10,   10) (  10,   10)
          (  10,   10) (  10,   10) (  10,   10) (  10,   10) (  10,   10) (  10,   10) (  10,   10) (  10,   10) (  10,   10) (  10,   10)
         
node   5 sent_total   6969  recv_total   6965

node   6  (   0,    0) (   1,    0) (   0,    0) (   8,    4) (  10,   10) (  10,   10) (  10,   10) (  10,   10) (  10,   10) (  10,   10)
          (  10,   10) (  10,   10) (  10,   10) (  10,   10) (  10,   10) (  10,   10) (  10,   10) (  10,   10) (  10,   10) (  10,   10)
          (  10,   10) (  10,   10) (  10,   10) (  10,   10) (  10,   10) (  10,   10) (  10,   10) (  10,   10) (  10,   10) (  10,   10)
          (  10,   10) (  10,   10) (  10,   10) (  10,   10) (  10,   10) (  10,   10) (  10,   10) (  10,   10) (  10,   10) (  10,   10)
          (  10,   10) (  10,   10) (  10,   10) (  10,   10) (  10,   10) (  10,   10) (  10,   10) (  10,   10) (  10,   10) (  10,   10)
          (  10,   10) (  10,   10) (  10,   10) (  10,   10) (  10,   10) (  10,   10) (  10,   10) (  10,   10) (  10,   10) (  10,   10)
          (  10,   10) (  10,   10) (  10,   10) (  10,   10) (  10,   10) (  10,   10) (  10,   10) (  10,   10) (  10,   10) (  10,   10)
          (  10,   10) (  10,   10) (  10,   10) (  10,   10) (  10,   10) (  10,   10) (  10,   10) (  10,   10) (  10,   10) (  10,   10)
          (  10,   10) (  10,   10) (  10,   10) (  10,   10) (  10,   10) (  10,   10) (  10,   10) (  10,   10) (  10,   10) (  10,   10)
          (  10,   10) (  10,   10) (  10,   10) (  10,   10) (  10,   10) (  10,   10) (  10,   10) (  10,   10) (  10,   10) (  10,   10)
          (  10,   10) (  10,   10) (  10,   10) (  10,   10) (  10,   10) (  10,   10) (  10,   10) (  10,   10) (  10,   10) (  10,   10)
          (  10,   10) (  10,   10) (  10,   10) (  10,   10) (  10,   10) (  10,   10) (  10,   10) (  10,   10) (  10,   10) (  10,   10)
          (  10,   10) (  10,   10) (  10,   10) (  10,   10) (  10,   10) (  10,   10) (  10,   10) (  10,   10) (  10,   10) (  10,   10)
          (  10,   10) (  10,   10) (  10,   10) (  10,   10) (  10,   10) (  10,   10) (  10,   10) (  10,   10) (  10,   10) (  10,   10)
          (  10,   10) (  10,   10) (  10,   10) (  10,   10) (  10,   10) (  10,   10) (  10,   10) (  10,   10) (  10,   10) (  10,   10)
          (  10,   10) (  10,   10) (  10,   10) (  10,   10) (  10,   10) (  10,   10) (  10,   10) (  10,   10) (  10,   10) (  10,   10)
          (  10,   10) (  10,   10) (  10,   10) (  10,   10) (  10,   10) (  10,   10) (  10,   10) (  10,   10) (  10,   10) (  10,   10)
          (  10,   10) (  10,   10) (  10,   10) (  10,   10) (  10,   10) (  10,   10) (  10,   10) (  10,   10) (  10,   10) (  10,   10)
          (  10,   10) (  10,   10) (  10,   10) (  10,   10) (  10,   10) (  10,   10) (  10,   10) (  10,   10) (  10,   10) (  10,   10)
          (  10,   10) (  10,   10) (  10,   10) (  10,   10) (  10,   10) (  10,   10) (  10,   10) (  10,   10) (  10,   10) (  10,   10)
          (  10,   10) (  10,   10) (  10,   10) (  10,   10) (  10,   10) (  10,   10) (  10,   10) (  10,   10) (  10,   10) (  10,   10)
          (  10,   10) (  10,   10) (  10,   10) (  10,   10) (  10,   10) (  10,   10) (  10,   10) (  10,   10) (  10,   10) (  10,   10)
          (  10,   10) (  10,   10) (  10,   10) (  10,   10) (  10,   10) (  10,   10) (  10,   10) (  10,   10) (  10,   10) (  10,   10)
          (  10,   10) (  10,   10) (  10,   10) (  10,   10) (  10,   10) (  10,   10) (  10,   10) (  10,   10) (  10,   10) (  10,   10)
          (  10,   10) (  10,   10) (  10,   10) (  10,   10) (  10,   10) (  10,   10) (  10,   10) (  10,   10) (  10,   10) (  10,   10)
          (  10,   10) (  10,   10) (  10,   10) (  10,   10) (  10,   10) (  10,   10) (  10,   10) (  10,   10) (  10,   10) (  10,   10)
          (  10,   10) (  10,   10) (  10,   10) (  10,   10) (  10,   10) (  10,   10) (  10,   10) (  10,   10) (  10,   10) (  10,   10)
          (  10,   10) (  10,   10) (  10,   10) (  10,   10) (  10,   10) (  10,   10) (  10,   10) (  10,   10) (  10,   10) (  10,   10)
          (  10,   10) (  10,   10) (  10,   10) (  10,   10) (  10,   10) (  10,   10) (  10,   10) (  10,   10) (  10,   10) (  10,   10)
          (  10,   10) (  10,   10) (  10,   10) (  10,   10) (  10,   10) (  10,   10) (  10,   10) (  10,   10) (  10,   10) (  10,   10)
          (  10,   10) (  10,   10) (  10,   10) (  10,   10) (  10,   10) (  10,   10) (  10,   10) (  10,   10) (  10,   10) (  10,   10)
          (  10,   10) (  10,   10) (  10,   10) (  10,   10) (  10,   10) (  10,   10) (  10,   10) (  10,   10) (  10,   10) (  10,   10)
          (  10,   10) (  10,   10) (  10,   10) (  10,   10) (  10,   10) (  10,   10) (  10,   10) (  10,   10) (  10,   10) (  10,   10)
          (  10,   10) (  10,   10) (  10,   10) (  10,   10) (  10,   10) (  10,   10) (  10,   10) (  10,   10) (  10,   10) (  10,   10)
          (  10,   10) (  10,   10) (  10,   10) (  10,   10) (  10,   10) (  10,   10) (  10,   10) (  10,   10) (  10,   10) (  10,   10)
          (  10,   10) (  10,   10) (  10,   10) (  10,   10) (  10,   10) (  10,   10) (  10,   10) (  10,   10) (  10,   10) (  10,   10)
          (  10,   10) (  10,   10) (  10,   10) (  10,   10) (  10,   10) (  10,   10) (  10,   10) (  10,   10) (  10,   10) (  10,   10)
          (  10,   10) (  10,   10) (  10,   10) (  10,   10) (  10,   10) (  10,   10) (  10,   10) (  10,   10) (  10,   10) (  10,   10)
          (  10,   10) (  10,   10) (  10,   10) (  10,   10) (  10,   10) (  10,   10) (  10,   10) (  10,   10) (  10,   10) (  10,   10)
          (  10,   10) (  10,   10) (  10,   10) (  10,   10) (  10,   10) (  10,   10) (  10,   10) (  10,   10) (  10,   10) (  10,   10)
          (  10,   10) (  10,   10) (  10,   10) (  10,   10) (  10,   10) (  10,   10) (  10,   10) (  10,   10) (  10,   10) (  10,   10)
          (  10,   10) (  10,   10) (  10,   10) (  10,   10) (  10,   10) (  10,   10) (  10,   10) (  10,   10) (  10,   10) (  10,   10)
          (  10,   10) (  10,   10) (  10,   10) (  10,   10) (  10,   10) (  10,   10) (  10,   10) (  10,   10) (  10,   10) (  10,   10)
          (  10,   10) (  10,   10) (  10,   10) (  10,   10) (  10,   10) (  10,   10) (  10,   10) (  10,   10) (  10,   10) (  10,   10)
          (  10,   10) (  10,   10) (  10,   10) (  10,   10) (  10,   10) (  10,   10) (  10,   10) (  10,   10) (  10,   10) (  10,   10)
          (  10,   10) (  10,   10) (  10,   10) (  10,   10) (  10,   10) (  10,   10) (  10,   10) (  10,   10) (  10,   10) (  10,   10)
          (  10,   10) (  10,   10) (  10,   10) (  10,   10) (  10,   10) (  10,   10) (  10,   10) (  10,   10) (  10,   10) (  10,   10)
          (  10,   10) (  10,   10) (  10,   10) (  10,   10) (  10,   10) (  10,   10) (  10,   10) (  10,   10) (  10,   10) (  10,   10)
          (  10,   10) (  10,   10) (  10,   10) (  10,   10) (  10,   10) (  10,   10) (  10,   10) (  10,   10) (  10,   10) (  10,   10)
          (  10,   10) (  10,   10) (  10,   10) (  10,   10) (  10,   10) (  10,   10) (  10,   10) (  10,   10) (  10,   10) (  10,   10)
          (  10,   10) (  10,   10) (  10,   10) (  10,   10) (  10,   10) (  10,   10) (  10,   10) (  10,   10) (  10,   10) (  10,   10)
          (  10,   10) (  10,   10) (  10,   10) (  10,   10) (  10,   10) (  10,   10) (  10,   10) (  10,   10) (  10,   10) (  10,   10)
          (  10,   10) (  10,   10) (  10,   10) (  10,   10) (  10,   10) (  10,   10) (  10,   10) (  10,   10) (  10,   10) (  10,   10)
          (  10,   10) (  10,   10) (  10,   10) (  10,   10) (  10,   10) (  10,   10) (  10,   10) (  10,   10) (  10,   10) (  10,   10)
          (  10,   10) (  10,   10) (  10,   10) (  10,   10) (  10,   10) (  10,   10) (  10,   10) (  10,   10) (  10,   10) (  10,   10)
          (  10,   10) (  10,   10) (  10,   10) (  10,   10) (  10,   10) (  10,   10) (  10,   10) (  10,   10) (  10,   10) (  10,   10)
          (  10,   10) (  10,   10) (  10,   10) (  10,   10) (  10,   10) (  10,   10) (  10,   10) (  10,   10) (  10,   10) (  10,   10)
          (  10,   10) (  10,   10) (  10,   10) (  10,   10) (  10,   10) (  10,   10) (  10,   10) (  10,   10) (  10,   10) (  10,   10)
          (  10,   10) (  10,   10) (  10,   10) (  10,   10) (  10,   10) (  10,   10) (  10,   10) (  10,   10) (  10,   10) (  10,   10)
          (  10,   10) (  10,   10) (  10,   10) (  10,   10) (  10,   10) (  10,   10) (  10,   10) (  10,   10) (  10,   10) (  10,   10)
          (  10,   10) (  10,   10) (  10,   10) (  10,   10) (  10,   10) (  10,   10) (  10,   10) (  10,   10) (  10,   10) (  10,   10)
          (  10,   10) (  10,   10) (  10,   10) (  10,   10) (  10,   10) (  10,   10) (  10,   10) (  10,   10) (  10,   10) (  10,   10)
          (  10,   10) (  10,   10) (  10,   10) (  10,   10) (  10,   10) (  10,   10) (  10,   10) (  10,   10) (  10,   10) (  10,   10)
          (  10,   10) (  10,   10) (  10,   10) (  10,   10) (  10,   10) (  10,   10) (  10,   10) (  10,   10) (  10,   10) (  10,   10)
          (  10,   10) (  10,   10) (  10,   10) (  10,   10) (  10,   10) (  10,   10) (  10,   10) (  10,   10) (  10,   10) (  10,   10)
          (  10,   10) (  10,   10) (  10,   10) (  10,   10) (  10,   10) (  10,   10) (  10,   10) (  10,   10) (  10,   10) (  10,   10)
          (  10,   10) (  10,   10) (  10,   10) (  10,   10) (  10,   10) (  10,   10) (  10,   10) (  10,   10) (  10,   10) (  10,   10)
          (  10,   10) (  10,   10) (  10,   10) (  10,   10) (  10,   10) (  10,   10) (  10,   10) (  10,   10) (  10,   10) (  10,   10)
          (  10,   10) (  10,   10) (  10,   10) (  10,   10) (  10,   10) (  10,   10) (  10,   10) (  10,   10) (  10,   10) (  10,   10)
          (  10,   10) (  10,   10) (  10,   10) (  10,   10) (  10,   10) (  10,   10) (  10,   10) (  10,   10) (  10,   10) (  10,   10)
         
node   6 sent_total   6969  recv_total   6964

node   7  (   0,    0) (   1,    0) (   0,    0) (   8,    3) (  10,   10) (  10,   10) (  10,   10) (  10,   10) (  10,   10) (  10,   10)
          (  10,   10) (  10,   10) (  10,   10) (  10,   10) (  10,   10) (  10,   10) (  10,   10) (  10,   10) (  10,   10) (  10,   10)
          (  10,   10) (  10,   10) (  10,   10) (  10,   10) (  10,   10) (  10,   10) (  10,   10) (  10,   10) (  10,   10) (  10,   10)
          (  10,   10) (  10,   10) (  10,   10) (  10,   10) (  10,   10) (  10,   10) (  10,   10) (  10,   10) (  10,   10) (  10,   10)
          (  10,   10) (  10,   10) (  10,   10) (  10,   10) (  10,   10) (  10,   10) (  10,   10) (  10,   10) (  10,   10) (  10,   10)
          (  10,   10) (  10,   10) (  10,   10) (  10,   10) (  10,   10) (  10,   10) (  10,   10) (  10,   10) (  10,   10) (  10,   10)
          (  10,   10) (  10,   10) (  10,   10) (  10,   10) (  10,   10) (  10,   10) (  10,   10) (  10,   10) (  10,   10) (  10,   10)
          (  10,   10) (  10,   10) (  10,   10) (  10,   10) (  10,   10) (  10,   10) (  10,   10) (  10,   10) (  10,   10) (  10,   10)
          (  10,   10) (  10,   10) (  10,   10) (  10,   10) (  10,   10) (  10,   10) (  10,   10) (  10,   10) (  10,   10) (  10,   10)
          (  10,   10) (  10,   10) (  10,   10) (  10,   10) (  10,   10) (  10,   10) (  10,   10) (  10,   10) (  10,   10) (  10,   10)
          (  10,   10) (  10,   10) (  10,   10) (  10,   10) (  10,   10) (  10,   10) (  10,   10) (  10,   10) (  10,   10) (  10,   10)
          (  10,   10) (  10,   10) (  10,   10) (  10,   10) (  10,   10) (  10,   10) (  10,   10) (  10,   10) (  10,   10) (  10,   10)
          (  10,   10) (  10,   10) (  10,   10) (  10,   10) (  10,   10) (  10,   10) (  10,   10) (  10,   10) (  10,   10) (  10,   10)
          (  10,   10) (  10,   10) (  10,   10) (  10,   10) (  10,   10) (  10,   10) (  10,   10) (  10,   10) (  10,   10) (  10,   10)
          (  10,   10) (  10,   10) (  10,   10) (  10,   10) (  10,   10) (  10,   10) (  10,   10) (  10,   10) (  10,   10) (  10,   10)
          (  10,   10) (  10,   10) (  10,   10) (  10,   10) (  10,   10) (  10,   10) (  10,   10) (  10,   10) (  10,   10) (  10,   10)
          (  10,   10) (  10,   10) (  10,   10) (  10,   10) (  10,   10) (  10,   10) (  10,   10) (  10,   10) (  10,   10) (  10,   10)
          (  10,   10) (  10,   10) (  10,   10) (  10,   10) (  10,   10) (  10,   10) (  10,   10) (  10,   10) (  10,   10) (  10,   10)
          (  10,   10) (  10,   10) (  10,   10) (  10,   10) (  10,   10) (  10,   10) (  10,   10) (  10,   10) (  10,   10) (  10,   10)
          (  10,   10) (  10,   10) (  10,   10) (  10,   10) (  10,   10) (  10,   10) (  10,   10) (  10,   10) (  10,   10) (  10,   10)
          (  10,   10) (  10,   10) (  10,   10) (  10,   10) (  10,   10) (  10,   10) (  10,   10) (  10,   10) (  10,   10) (  10,   10)
          (  10,   10) (  10,   10) (  10,   10) (  10,   10) (  10,   10) (  10,   10) (  10,   10) (  10,   10) (  10,   10) (  10,   10)
          (  10,   10) (  10,   10) (  10,   10) (  10,   10) (  10,   10) (  10,   10) (  10,   10) (  10,   10) (  10,   10) (  10,   10)
          (  10,   10) (  10,   10) (  10,   10) (  10,   10) (  10,   10) (  10,   10) (  10,   10) (  10,   10) (  10,   10) (  10,   10)
          (  10,   10) (  10,   10) (  10,   10) (  10,   10) (  10,   10) (  10,   10) (  10,   10) (  10,   10) (  10,   10) (  10,   10)
          (  10,   10) (  10,   10) (  10,   10) (  10,   10) (  10,   10) (  10,   10) (  10,   10) (  10,   10) (  10,   10) (  10,   10)
          (  10,   10) (  10,   10) (  10,   10) (  10,   10) (  10,   10) (  10,   10) (  10,   10) (  10,   10) (  10,   10) (  10,   10)
          (  10,   10) (  10,   10) (  10,   10) (  10,   10) (  10,   10) (  10,   10) (  10,   10) (  10,   10) (  10,   10) (  10,   10)
          (  10,   10) (  10,   10) (  10,   10) (  10,   10) (  10,   10) (  10,   10) (  10,   10) (  10,   10) (  10,   10) (  10,   10)
          (  10,   10) (  10,   10) (  10,   10) (  10,   10) (  10,   10) (  10,   10) (  10,   10) (  10,   10) (  10,   10) (  10,   10)
          (  10,   10) (  10,   10) (  10,   10) (  10,   10) (  10,   10) (  10,   10) (  10,   10) (  10,   10) (  10,   10) (  10,   10)
          (  10,   10) (  10,   10) (  10,   10) (  10,   10) (  10,   10) (  10,   10) (  10,   10) (  10,   10) (  10,   10) (  10,   10)
          (  10,   10) (  10,   10) (  10,   10) (  10,   10) (  10,   10) (  10,   10) (  10,   10) (  10,   10) (  10,   10) (  10,   10)
          (  10,   10) (  10,   10) (  10,   10) (  10,   10) (  10,   10) (  10,   10) (  10,   10) (  10,   10) (  10,   10) (  10,   10)
          (  10,   10) (  10,   10) (  10,   10) (  10,   10) (  10,   10) (  10,   10) (  10,   10) (  10,   10) (  10,   10) (  10,   10)
          (  10,   10) (  10,   10) (  10,   10) (  10,   10) (  10,   10) (  10,   10) (  10,   10) (  10,   10) (  10,   10) (  10,   10)
          (  10,   10) (  10,   10) (  10,   10) (  10,   10) (  10,   10) (  10,   10) (  10,   10) (  10,   10) (  10,   10) (  10,   10)
          (  10,   10) (  10,   10) (  10,   10) (  10,   10) (  10,   10) (  10,   10) (  10,   10) (  10,   10) (  10,   10) (  10,   10)
          (  10,   10) (  10,   10) (  10,   10) (  10,   10) (  10,   10) (  10,   10) (  10,   10) (  10,   10) (  10,   10) (  10,   10)
          (  10,   10) (  10,   10) (  10,   10) (  10,   10) (  10,   10) (  10,   10) (  10,   10) (  10,   10) (  10,   10) (  10,   10)
          (  10,   10) (  10,   10) (  10,   10) (  10,   10) (  10,   10) (  10,   10) (  10,   10) (  10,   10) (  10,   10) (  10,   10)
          (  10,   10) (  10,   10) (  10,   10) (  10,   10) (  10,   10) (  10,   10) (  10,   10) (  10,   10) (  10,   10) (  10,   10)
          (  10,   10) (  10,   10) (  10,   10) (  10,   10) (  10,   10) (  10,   10) (  10,   10) (  10,   10) (  10,   10) (  10,   10)
          (  10,   10) (  10,   10) (  10,   10) (  10,   10) (  10,   10) (  10,   10) (  10,   10) (  10,   10) (  10,   10) (  10,   10)
          (  10,   10) (  10,   10) (  10,   10) (  10,   10) (  10,   10) (  10,   10) (  10,   10) (  10,   10) (  10,   10) (  10,   10)
          (  10,   10) (  10,   10) (  10,   10) (  10,   10) (  10,   10) (  10,   10) (  10,   10) (  10,   10) (  10,   10) (  10,   10)
          (  10,   10) (  10,   10) (  10,   10) (  10,   10) (  10,   10) (  10,   10) (  10,   10) (  10,   10) (  10,   10) (  10,   10)
          (  10,   10) (  10,   10) (  10,   10) (  10,   10) (  10,   10) (  10,   10) (  10,   10) (  10,   10) (  10,   10) (  10,   10)
          (  10,   10) (  10,   10) (  10,   10) (  10,   10) (  10,   10) (  10,   10) (  10,   10) (  10,   10) (  10,   10) (  10,   10)
          (  10,   10) (  10,   10) (  10,   10) (  10,   10) (  10,   10) (  10,   10) (  10,   10) (  10,   10) (  10,   10) (  10,   10)
          (  10,   10) (  10,   10) (  10,   10) (  10,   10) (  10,   10) (  10,   10) (  10,   10) (  10,   10) (  10,   10) (  10,   10)
          (  10,   10) (  10,   10) (  10,   10) (  10,   10) (  10,   10) (  10,   10) (  10,   10) (  10,   10) (  10,   10) (  10,   10)
          (  10,   10) (  10,   10) (  10,   10) (  10,   10) (  10,   10) (  10,   10) (  10,   10) (  10,   10) (  10,   10) (  10,   10)
          (  10,   10) (  10,   10) (  10,   10) (  10,   10) (  10,   10) (  10,   10) (  10,   10) (  10,   10) (  10,   10) (  10,   10)
          (  10,   10) (  10,   10) (  10,   10) (  10,   10) (  10,   10) (  10,   10) (  10,   10) (  10,   10) (  10,   10) (  10,   10)
          (  10,   10) (  10,   10) (  10,   10) (  10,   10) (  10,   10) (  10,   10) (  10,   10) (  10,   10) (  10,   10) (  10,   10)
          (  10,   10) (  10,   10) (  10,   10) (  10,   10) (  10,   10) (  10,   10) (  10,   10) (  10,   10) (  10,   10) (  10,   10)
          (  10,   10) (  10,   10) (  10,   10) (  10,   10) (  10,   10) (  10,   10) (  10,   10) (  10,   10) (  10,   10) (  10,   10)
          (  10,   10) (  10,   10) (  10,   10) (  10,   10) (  10,   10) (  10,   10) (  10,   10) (  10,   10) (  10,   10) (  10,   10)
          (  10,   10) (  10,   10) (  10,   10) (  10,   10) (  10,   10) (  10,   10) (  10,   10) (  10,   10) (  10,   10) (  10,   10)
          (  10,   10) (  10,   10) (  10,   10) (  10,   10) (  10,   10) (  10,   10) (  10,   10) (  10,   10) (  10,   10) (  10,   10)
          (  10,   10) (  10,   10) (  10,   10) (  10,   10) (  10,   10) (  10,   10) (  10,   10) (  10,   10) (  10,   10) (  10,   10)
          (  10,   10) (  10,   10) (  10,   10) (  10,   10) (  10,   10) (  10,   10) (  10,   10) (  10,   10) (  10,   10) (  10,   10)
          (  10,   10) (  10,   10) (  10,   10) (  10,   10) (  10,   10) (  10,   10) (  10,   10) (  10,   10) (  10,   10) (  10,   10)
          (  10,   10) (  10,   10) (  10,   10) (  10,   10) (  10,   10) (  10,   10) (  10,   10) (  10,   10) (  10,   10) (  10,   10)
          (  10,   10) (  10,   10) (  10,   10) (  10,   10) (  10,   10) (  10,   10) (  10,   10) (  10,   10) (  10,   10) (  10,   10)
          (  10,   10) (  10,   10) (  10,   10) (  10,   10) (  10,   10) (  10,   10) (  10,   10) (  10,   10) (  10,   10) (  10,   10)
          (  10,   10) (  10,   10) (  10,   10) (  10,   10) (  10,   10) (  10,   10) (  10,   10) (  10,   10) (  10,   10) (  10,   10)
          (  10,   10) (  10,   10) (  10,   10) (  10,   10) (  10,   10) (  10,   10) (  10,   10) (  10,   10) (  10,   10) (  10,   10)
          (  10,   10) (  10,   10) (  10,   10) (  10,   10) (  10,   10) (  10,   10) (  10,   10) (  10,   10) (  10,   10) (  10,   10)
         
node   7 sent_total   6969  recv_total   6963

node   8  (   0,    0) (   1,    0) (   0,    0) (   8,    2) (  10,   10) (  10,   10) (  10,   10) (  10,   10) (  10,   10) (  10,   10)
          (  10,   10) (  10,   10) (  10,   10) (  10,   10) (  10,   10) (  10,   10) (  10,   10) (  10,   10) (  10,   10) (  10,   10)
          (  10,   10) (  10,   10) (  10,   10) (  10,   10) (  10,   10) (  10,   10) (  10,   10) (  10,   10) (  10,   10) (  10,   10)
          (  10,   10) (  10,   10) (  10,   10) (  10,   10) (  10,   10) (  10,   10) (  10,   10) (  10,   10) (  10,   10) (  10,   10)
          (  10,   10) (  10,   10) (  10,   10) (  10,   10) (  10,   10) (  10,   10) (  10,   10) (  10,   10) (  10,   10) (  10,   10)
          (  10,   10) (  10,   10) (  10,   10) (  10,   10) (  10,   10) (  10,   10) (  10,   10) (  10,   10) (  10,   10) (  10,   10)
          (  10,   10) (  10,   10) (  10,   10) (  10,   10) (  10,   10) (  10,   10) (  10,   10) (  10,   10) (  10,   10) (  10,   10)
          (  10,   10) (  10,   10) (  10,   10) (  10,   10) (  10,   10) (  10,   10) (  10,   10) (  10,   10) (  10,   10) (  10,   10)
          (  10,   10) (  10,   10) (  10,   10) (  10,   10) (  10,   10) (  10,   10) (  10,   10) (  10,   10) (  10,   10) (  10,   10)
          (  10,   10) (  10,   10) (  10,   10) (  10,   10) (  10,   10) (  10,   10) (  10,   10) (  10,   10) (  10,   10) (  10,   10)
          (  10,   10) (  10,   10) (  10,   10) (  10,   10) (  10,   10) (  10,   10) (  10,   10) (  10,   10) (  10,   10) (  10,   10)
          (  10,   10) (  10,   10) (  10,   10) (  10,   10) (  10,   10) (  10,   10) (  10,   10) (  10,   10) (  10,   10) (  10,   10)
          (  10,   10) (  10,   10) (  10,   10) (  10,   10) (  10,   10) (  10,   10) (  10,   10) (  10,   10) (  10,   10) (  10,   10)
          (  10,   10) (  10,   10) (  10,   10) (  10,   10) (  10,   10) (  10,   10) (  10,   10) (  10,   10) (  10,   10) (  10,   10)
          (  10,   10) (  10,   10) (  10,   10) (  10,   10) (  10,   10) (  10,   10) (  10,   10) (  10,   10) (  10,   10) (  10,   10)
          (  10,   10) (  10,   10) (  10,   10) (  10,   10) (  10,   10) (  10,   10) (  10,   10) (  10,   10) (  10,   10) (  10,   10)
          (  10,   10) (  10,   10) (  10,   10) (  10,   10) (  10,   10) (  10,   10) (  10,   10) (  10,   10) (  10,   10) (  10,   10)
          (  10,   10) (  10,   10) (  10,   10) (  10,   10) (  10,   10) (  10,   10) (  10,   10) (  10,   10) (  10,   10) (  10,   10)
          (  10,   10) (  10,   10) (  10,   10) (  10,   10) (  10,   10) (  10,   10) (  10,   10) (  10,   10) (  10,   10) (  10,   10)
          (  10,   10) (  10,   10) (  10,   10) (  10,   10) (  10,   10) (  10,   10) (  10,   10) (  10,   10) (  10,   10) (  10,   10)
          (  10,   10) (  10,   10) (  10,   10) (  10,   10) (  10,   10) (  10,   10) (  10,   10) (  10,   10) (  10,   10) (  10,   10)
          (  10,   10) (  10,   10) (  10,   10) (  10,   10) (  10,   10) (  10,   10) (  10,   10) (  10,   10) (  10,   10) (  10,   10)
          (  10,   10) (  10,   10) (  10,   10) (  10,   10) (  10,   10) (  10,   10) (  10,   10) (  10,   10) (  10,   10) (  10,   10)
          (  10,   10) (  10,   10) (  10,   10) (  10,   10) (  10,   10) (  10,   10) (  10,   10) (  10,   10) (  10,   10) (  10,   10)
          (  10,   10) (  10,   10) (  10,   10) (  10,   10) (  10,   10) (  10,   10) (  10,   10) (  10,   10) (  10,   10) (  10,   10)
          (  10,   10) (  10,   10) (  10,   10) (  10,   10) (  10,   10) (  10,   10) (  10,   10) (  10,   10) (  10,   10) (  10,   10)
          (  10,   10) (  10,   10) (  10,   10) (  10,   10) (  10,   10) (  10,   10) (  10,   10) (  10,   10) (  10,   10) (  10,   10)
          (  10,   10) (  10,   10) (  10,   10) (  10,   10) (  10,   10) (  10,   10) (  10,   10) (  10,   10) (  10,   10) (  10,   10)
          (  10,   10) (  10,   10) (  10,   10) (  10,   10) (  10,   10) (  10,   10) (  10,   10) (  10,   10) (  10,   10) (  10,   10)
          (  10,   10) (  10,   10) (  10,   10) (  10,   10) (  10,   10) (  10,   10) (  10,   10) (  10,   10) (  10,   10) (  10,   10)
          (  10,   10) (  10,   10) (  10,   10) (  10,   10) (  10,   10) (  10,   10) (  10,   10) (  10,   10) (  10,   10) (  10,   10)
          (  10,   10) (  10,   10) (  10,   10) (  10,   10) (  10,   10) (  10,   10) (  10,   10) (  10,   10) (  10,   10) (  10,   10)
          (  10,   10) (  10,   10) (  10,   10) (  10,   10) (  10,   10) (  10,   10) (  10,   10) (  10,   10) (  10,   10) (  10,   10)
          (  10,   10) (  10,   10) (  10,   10) (  10,   10) (  10,   10) (  10,   10) (  10,   10) (  10,   10) (  10,   10) (  10,   10)
          (  10,   10) (  10,   10) (  10,   10) (  10,   10) (  10,   10) (  10,   10) (  10,   10) (  10,   10) (  10,   10) (  10,   10)
          (  10,   10) (  10,   10) (  10,   10) (  10,   10) (  10,   10) (  10,   10) (  10,   10) (  10,   10) (  10,   10) (  10,   10)
          (  10,   10) (  10,   10) (  10,   10) (  10,   10) (  10,   10) (  10,   10) (  10,   10) (  10,   10) (  10,   10) (  10,   10)
          (  10,   10) (  10,   10) (  10,   10) (  10,   10) (  10,   10) (  10,   10) (  10,   10) (  10,   10) (  10,   10) (  10,   10)
          (  10,   10) (  10,   10) (  10,   10) (  10,   10) (  10,   10) (  10,   10) (  10,   10) (  10,   10) (  10,   10) (  10,   10)
          (  10,   10) (  10,   10) (  10,   10) (  10,   10) (  10,   10) (  10,   10) (  10,   10) (  10,   10) (  10,   10) (  10,   10)
          (  10,   10) (  10,   10) (  10,   10) (  10,   10) (  10,   10) (  10,   10) (  10,   10) (  10,   10) (  10,   10) (  10,   10)
          (  10,   10) (  10,   10) (  10,   10) (  10,   10) (  10,   10) (  10,   10) (  10,   10) (  10,   10) (  10,   10) (  10,   10)
          (  10,   10) (  10,   10) (  10,   10) (  10,   10) (  10,   10) (  10,   10) (  10,   10) (  10,   10) (  10,   10) (  10,   10)
          (  10,   10) (  10,   10) (  10,   10) (  10,   10) (  10,   10) (  10,   10) (  10,   10) (  10,   10) (  10,   10) (  10,   10)
          (  10,   10) (  10,   10) (  10,   10) (  10,   10) (  10,   10) (  10,   10) (  10,   10) (  10,   10) (  10,   10) (  10,   10)
          (  10,   10) (  10,   10) (  10,   10) (  10,   10) (  10,   10) (  10,   10) (  10,   10) (  10,   10) (  10,   10) (  10,   10)
          (  10,   10) (  10,   10) (  10,   10) (  10,   10) (  10,   10) (  10,   10) (  10,   10) (  10,   10) (  10,   10) (  10,   10)
          (  10,   10) (  10,   10) (  10,   10) (  10,   10) (  10,   10) (  10,   10) (  10,   10) (  10,   10) (  10,   10) (  10,   10)
          (  10,   10) (  10,   10) (  10,   10) (  10,   10) (  10,   10) (  10,   10) (  10,   10) (  10,   10) (  10,   10) (  10,   10)
          (  10,   10) (  10,   10) (  10,   10) (  10,   10) (  10,   10) (  10,   10) (  10,   10) (  10,   10) (  10,   10) (  10,   10)
          (  10,   10) (  10,   10) (  10,   10) (  10,   10) (  10,   10) (  10,   10) (  10,   10) (  10,   10) (  10,   10) (  10,   10)
          (  10,   10) (  10,   10) (  10,   10) (  10,   10) (  10,   10) (  10,   10) (  10,   10) (  10,   10) (  10,   10) (  10,   10)
          (  10,   10) (  10,   10) (  10,   10) (  10,   10) (  10,   10) (  10,   10) (  10,   10) (  10,   10) (  10,   10) (  10,   10)
          (  10,   10) (  10,   10) (  10,   10) (  10,   10) (  10,   10) (  10,   10) (  10,   10) (  10,   10) (  10,   10) (  10,   10)
          (  10,   10) (  10,   10) (  10,   10) (  10,   10) (  10,   10) (  10,   10) (  10,   10) (  10,   10) (  10,   10) (  10,   10)
          (  10,   10) (  10,   10) (  10,   10) (  10,   10) (  10,   10) (  10,   10) (  10,   10) (  10,   10) (  10,   10) (  10,   10)
          (  10,   10) (  10,   10) (  10,   10) (  10,   10) (  10,   10) (  10,   10) (  10,   10) (  10,   10) (  10,   10) (  10,   10)
          (  10,   10) (  10,   10) (  10,   10) (  10,   10) (  10,   10) (  10,   10) (  10,   10) (  10,   10) (  10,   10) (  10,   10)
          (  10,   10) (  10,   10) (  10,   10) (  10,   10) (  10,   10) (  10,   10) (  10,   10) (  10,   10) (  10,   10) (  10,   10)
          (  10,   10) (  10,   10) (  10,   10) (  10,   10) (  10,   10) (  10,   10) (  10,   10) (  10,   10) (  10,   10) (  10,   10)
          (  10,   10) (  10,   10) (  10,   10) (  10,   10) (  10,   10) (  10,   10) (  10,   10) (  10,   10) (  10,   10) (  10,   10)
          (  10,   10) (  10,   10) (  10,   10) (  10,   10) (  10,   10) (  10,   10) (  10,   10) (  10,   10) (  10,   10) (  10,   10)
          (  10,   10) (  10,   10) (  10,   10) (  10,   10) (  10,   10) (  10,   10) (  10,   10) (  10,   10) (  10,   10) (  10,   10)
          (  10,   10) (  10,   10) (  10,   10) (  10,   10) (  10,   10) (  10,   10) (  10,   10) (  10,   10) (  10,   10) (  10,   10)
          (  10,   10) (  10,   10) (  10,   10) (  10,   10) (  10,   10) (  10,   10) (  10,   10) (  10,   10) (  10,   10) (  10,   10)
          (  10,   10) (  10,   10) (  10,   10) (  10,   10) (  10,   10) (  10,   10) (  10,   10) (  10,   10) (  10,   10) (  10,   10)
          (  10,   10) (  10,   10) (  10,   10) (  10,   10) (  10,   10) (  10,   10) (  10,   10) (  10,   10) (  10,   10) (  10,   10)
          (  10,   10) (  10,   10) (  10,   10) (  10,   10) (  10,   10) (  10,   10) (  10,   10) (  10,   10) (  10,   10) (  10,   10)
          (  10,   10) (  10,   10) (  10,   10) (  10,   10) (  10,   10) (  10,   10) (  10,   10) (  10,   10) (  10,   10) (  10,   10)
          (  10,   10) (  10,   10) (  10,   10) (  10,   10) (  10,   10) (  10,   10) (  10,   10) (  10,   10) (  10,   10) (  10,   10)
         
node   8 sent_total   6969  recv_total   6962

node   9  (   0,    0) (   0,    0) (   1,    0) (   0,    0) (  10,    3) (  10,   10) (  10,   10) (  10,   10) (  10,   10) (  10,   10)
          (  10,   10) (  10,   10) (  10,   10) (  10,   10) (  10,   10) (  10,   10) (  10,   10) (  10,   10) (  10,   10) (  10,   10)
          (  10,   10) (  10,   10) (  10,   10) (  10,   10) (  10,   10) (  10,   10) (  10,   10) (  10,   10) (  10,   10) (  10,   10)
          (  10,   10) (  10,   10) (  10,   10) (  10,   10) (  10,   10) (  10,   10) (  10,   10) (  10,   10) (  10,   10) (  10,   10)
          (  10,   10) (  10,   10) (  10,   10) (  10,   10) (  10,   10) (  10,   10) (  10,   10) (  10,   10) (  10,   10) (  10,   10)
          (  10,   10) (  10,   10) (  10,   10) (  10,   10) (  10,   10) (  10,   10) (  10,   10) (  10,   10) (  10,   10) (  10,   10)
          (  10,   10) (  10,   10) (  10,   10) (  10,   10) (  10,   10) (  10,   10) (  10,   10) (  10,   10) (  10,   10) (  10,   10)
          (  10,   10) (  10,   10) (  10,   10) (  10,   10) (  10,   10) (  10,   10) (  10,   10) (  10,   10) (  10,   10) (  10,   10)
          (  10,   10) (  10,   10) (  10,   10) (  10,   10) (  10,   10) (  10,   10) (  10,   10) (  10,   10) (  10,   10) (  10,   10)
          (  10,   10) (  10,   10) (  10,   10) (  10,   10) (  10,   10) (  10,   10) (  10,   10) (  10,   10) (  10,   10) (  10,   10)
          (  10,   10) (  10,   10) (  10,   10) (  10,   10) (  10,   10) (  10,   10) (  10,   10) (  10,   10) (  10,   10) (  10,   10)
          (  10,   10) (  10,   10) (  10,   10) (  10,   10) (  10,   10) (  10,   10) (  10,   10) (  10,   10) (  10,   10) (  10,   10)
          (  10,   10) (  10,   10) (  10,   10) (  10,   10) (  10,   10) (  10,   10) (  10,   10) (  10,   10) (  10,   10) (  10,   10)
          (  10,   10) (  10,   10) (  10,   10) (  10,   10) (  10,   10) (  10,   10) (  10,   10) (  10,   10) (  10,   10) (  10,   10)
          (  10,   10) (  10,   10) (  10,   10) (  10,   10) (  10,   10) (  10,   10) (  10,   10) (  10,   10) (  10,   10) (  10,   10)
          (  10,   10) (  10,   10) (  10,   10) (  10,   10) (  10,   10) (  10,   10) (  10,   10) (  10,   10) (  10,   10) (  10,   10)
          (  10,   10) (  10,   10) (  10,   10) (  10,   10) (  10,   10) (  10,   10) (  10,   10) (  10,   10) (  10,   10) (  10,   10)
          (  10,   10) (  10,   10) (  10,   10) (  10,   10) (  10,   10) (  10,   10) (  10,   10) (  10,   10) (  10,   10) (  10,   10)
          (  10,   10) (  10,   10) (  10,   10) (  10,   10) (  10,   10) (  10,   10) (  10,   10) (  10,   10) (  10,   10) (  10,   10)
          (  10,   10) (  10,   10) (  10,   10) (  10,   10) (  10,   10) (  10,   10) (  10,   10) (  10,   10) (  10,   10) (  10,   10)
          (  10,   10) (  10,   10) (  10,   10) (  10,   10) (  10,   10) (  10,   10) (  10,   10) (  10,   10) (  10,   10) (  10,   10)
          (  10,   10) (  10,   10) (  10,   10) (  10,   10) (  10,   10) (  10,   10) (  10,   10) (  10,   10) (  10,   10) (  10,   10)
          (  10,   10) (  10,   10) (  10,   10) (  10,   10) (  10,   10) (  10,   10) (  10,   10) (  10,   10) (  10,   10) (  10,   10)
          (  10,   10) (  10,   10) (  10,   10) (  10,   10) (  10,   10) (  10,   10) (  10,   10) (  10,   10) (  10,   10) (  10,   10)
          (  10,   10) (  10,   10) (  10,   10) (  10,   10) (  10,   10) (  10,   10) (  10,   10) (  10,   10) (  10,   10) (  10,   10)
          (  10,   10) (  10,   10) (  10,   10) (  10,   10) (  10,   10) (  10,   10) (  10,   10) (  10,   10) (  10,   10) (  10,   10)
          (  10,   10) (  10,   10) (  10,   10) (  10,   10) (  10,   10) (  10,   10) (  10,   10) (  10,   10) (  10,   10) (  10,   10)
          (  10,   10) (  10,   10) (  10,   10) (  10,   10) (  10,   10) (  10,   10) (  10,   10) (  10,   10) (  10,   10) (  10,   10)
          (  10,   10) (  10,   10) (  10,   10) (  10,   10) (  10,   10) (  10,   10) (  10,   10) (  10,   10) (  10,   10) (  10,   10)
          (  10,   10) (  10,   10) (  10,   10) (  10,   10) (  10,   10) (  10,   10) (  10,   10) (  10,   10) (  10,   10) (  10,   10)
          (  10,   10) (  10,   10) (  10,   10) (  10,   10) (  10,   10) (  10,   10) (  10,   10) (  10,   10) (  10,   10) (  10,   10)
          (  10,   10) (  10,   10) (  10,   10) (  10,   10) (  10,   10) (  10,   10) (  10,   10) (  10,   10) (  10,   10) (  10,   10)
          (  10,   10) (  10,   10) (  10,   10) (  10,   10) (  10,   10) (  10,   10) (  10,   10) (  10,   10) (  10,   10) (  10,   10)
          (  10,   10) (  10,   10) (  10,   10) (  10,   10) (  10,   10) (  10,   10) (  10,   10) (  10,   10) (  10,   10) (  10,   10)
          (  10,   10) (  10,   10) (  10,   10) (  10,   10) (  10,   10) (  10,   10) (  10,   10) (  10,   10) (  10,   10) (  10,   10)
          (  10,   10) (  10,   10) (  10,   10) (  10,   10) (  10,   10) (  10,   10) (  10,   10) (  10,   10) (  10,   10) (  10,   10)
          (  10,   10) (  10,   10) (  10,   10) (  10,   10) (  10,   10) (  10,   10) (  10,   10) (  10,   10) (  10,   10) (  10,   10)
          (  10,   10) (  10,   10) (  10,   10) (  10,   10) (  10,   10) (  10,   10) (  10,   10) (  10,   10) (  10,   10) (  10,   10)
          (  10,   10) (  10,   10) (  10,   10) (  10,   10) (  10,   10) (  10,   10) (  10,   10) (  10,   10) (  10,   10) (  10,   10)
          (  10,   10) (  10,   10) (  10,   10) (  10,   10) (  10,   10) (  10,   10) (  10,   10) (  10,   10) (  10,   10) (  10,   10)
          (  10,   10) (  10,   10) (  10,   10) (  10,   10) (  10,   10) (  10,   10) (  10,   10) (  10,   10) (  10,   10) (  10,   10)
          (  10,   10) (  10,   10) (  10,   10) (  10,   10) (  10,   10) (  10,   10) (  10,   10) (  10,   10) (  10,   10) (  10,   10)
          (  10,   10) (  10,   10) (  10,   10) (  10,   10) (  10,   10) (  10,   10) (  10,   10) (  10,   10) (  10,   10) (  10,   10)
          (  10,   10) (  10,   10) (  10,   10) (  10,   10) (  10,   10) (  10,   10) (  10,   10) (  10,   10) (  10,   10) (  10,   10)
          (  10,   10) (  10,   10) (  10,   10) (  10,   10) (  10,   10) (  10,   10) (  10,   10) (  10,   10) (  10,   10) (  10,   10)
          (  10,   10) (  10,   10) (  10,   10) (  10,   10) (  10,   10) (  10,   10) (  10,   10) (  10,   10) (  10,   10) (  10,   10)
          (  10,   10) (  10,   10) (  10,   10) (  10,   10) (  10,   10) (  10,   10) (  10,   10) (  10,   10) (  10,   10) (  10,   10)
          (  10,   10) (  10,   10) (  10,   10) (  10,   10) (  10,   10) (  10,   10) (  10,   10) (  10,   10) (  10,   10) (  10,   10)
          (  10,   10) (  10,   10) (  10,   10) (  10,   10) (  10,   10) (  10,   10) (  10,   10) (  10,   10) (  10,   10) (  10,   10)
          (  10,   10) (  10,   10) (  10,   10) (  10,   10) (  10,   10) (  10,   10) (  10,   10) (  10,   10) (  10,   10) (  10,   10)
          (  10,   10) (  10,   10) (  10,   10) (  10,   10) (  10,   10) (  10,   10) (  10,   10) (  10,   10) (  10,   10) (  10,   10)
          (  10,   10) (  10,   10) (  10,   10) (  10,   10) (  10,   10) (  10,   10) (  10,   10) (  10,   10) (  10,   10) (  10,   10)
          (  10,   10) (  10,   10) (  10,   10) (  10,   10) (  10,   10) (  10,   10) (  10,   10) (  10,   10) (  10,   10) (  10,   10)
          (  10,   10) (  10,   10) (  10,   10) (  10,   10) (  10,   10) (  10,   10) (  10,   10) (  10,   10) (  10,   10) (  10,   10)
          (  10,   10) (  10,   10) (  10,   10) (  10,   10) (  10,   10) (  10,   10) (  10,   10) (  10,   10) (  10,   10) (  10,   10)
          (  10,   10) (  10,   10) (  10,   10) (  10,   10) (  10,   10) (  10,   10) (  10,   10) (  10,   10) (  10,   10) (  10,   10)
          (  10,   10) (  10,   10) (  10,   10) (  10,   10) (  10,   10) (  10,   10) (  10,   10) (  10,   10) (  10,   10) (  10,   10)
          (  10,   10) (  10,   10) (  10,   10) (  10,   10) (  10,   10) (  10,   10) (  10,   10) (  10,   10) (  10,   10) (  10,   10)
          (  10,   10) (  10,   10) (  10,   10) (  10,   10) (  10,   10) (  10,   10) (  10,   10) (  10,   10) (  10,   10) (  10,   10)
          (  10,   10) (  10,   10) (  10,   10) (  10,   10) (  10,   10) (  10,   10) (  10,   10) (  10,   10) (  10,   10) (  10,   10)
          (  10,   10) (  10,   10) (  10,   10) (  10,   10) (  10,   10) (  10,   10) (  10,   10) (  10,   10) (  10,   10) (  10,   10)
          (  10,   10) (  10,   10) (  10,   10) (  10,   10) (  10,   10) (  10,   10) (  10,   10) (  10,   10) (  10,   10) (  10,   10)
          (  10,   10) (  10,   10) (  10,   10) (  10,   10) (  10,   10) (  10,   10) (  10,   10) (  10,   10) (  10,   10) (  10,   10)
          (  10,   10) (  10,   10) (  10,   10) (  10,   10) (  10,   10) (  10,   10) (  10,   10) (  10,   10) (  10,   10) (  10,   10)
          (  10,   10) (  10,   10) (  10,   10) (  10,   10) (  10,   10) (  10,   10) (  10,   10) (  10,   10) (  10,   10) (  10,   10)
          (  10,   10) (  10,   10) (  10,   10) (  10,   10) (  10,   10) (  10,   10) (  10,   10) (  10,   10) (  10,   10) (  10,   10)
          (  10,   10) (  10,   10) (  10,   10) (  10,   10) (  10,   10) (  10,   10) (  10,   10) (  10,   10) (  10,   10) (  10,   10)
          (  10,   10) (  10,   10) (  10,   10) (  10,   10) (  10,   10) (  10,   10) (  10,   10) (  10,   10) (  10,   10) (  10,   10)
          (  10,   10) (  10,   10) (  10,   10) (  10,   10) (  10,   10) (  10,   10) (  10,   10) (  10,   10) (  10,   10) (  10,   10)
          (  10,   10) (  10,   10) (  10,   10) (  10,   10) (  10,   10) (  10,   10) (  10,   10) (  10,   10) (  10,   10) (  10,   10)
         
node   9 sent_total   6961  recv_total   6953

node  10  (   0,    0) (   0,    0) (   1,    0) (   0,    0) (  10,    2) (  10,   10) (  10,   10) (  10,   10) (  10,   10) (  10,   10)
          (  10,   10) (  10,   10) (  10,   10) (  10,   10) (  10,   10) (  10,   10) (  10,   10) (  10,   10) (  10,   10) (  10,   10)
          (  10,   10) (  10,   10) (  10,   10) (  10,   10) (  10,   10) (  10,   10) (  10,   10) (  10,   10) (  10,   10) (  10,   10)
          (  10,   10) (  10,   10) (  10,   10) (  10,   10) (  10,   10) (  10,   10) (  10,   10) (  10,   10) (  10,   10) (  10,   10)
          (  10,   10) (  10,   10) (  10,   10) (  10,   10) (  10,   10) (  10,   10) (  10,   10) (  10,   10) (  10,   10) (  10,   10)
          (  10,   10) (  10,   10) (  10,   10) (  10,   10) (  10,   10) (  10,   10) (  10,   10) (  10,   10) (  10,   10) (  10,   10)
          (  10,   10) (  10,   10) (  10,   10) (  10,   10) (  10,   10) (  10,   10) (  10,   10) (  10,   10) (  10,   10) (  10,   10)
          (  10,   10) (  10,   10) (  10,   10) (  10,   10) (  10,   10) (  10,   10) (  10,   10) (  10,   10) (  10,   10) (  10,   10)
          (  10,   10) (  10,   10) (  10,   10) (  10,   10) (  10,   10) (  10,   10) (  10,   10) (  10,   10) (  10,   10) (  10,   10)
          (  10,   10) (  10,   10) (  10,   10) (  10,   10) (  10,   10) (  10,   10) (  10,   10) (  10,   10) (  10,   10) (  10,   10)
          (  10,   10) (  10,   10) (  10,   10) (  10,   10) (  10,   10) (  10,   10) (  10,   10) (  10,   10) (  10,   10) (  10,   10)
          (  10,   10) (  10,   10) (  10,   10) (  10,   10) (  10,   10) (  10,   10) (  10,   10) (  10,   10) (  10,   10) (  10,   10)
          (  10,   10) (  10,   10) (  10,   10) (  10,   10) (  10,   10) (  10,   10) (  10,   10) (  10,   10) (  10,   10) (  10,   10)
          (  10,   10) (  10,   10) (  10,   10) (  10,   10) (  10,   10) (  10,   10) (  10,   10) (  10,   10) (  10,   10) (  10,   10)
          (  10,   10) (  10,   10) (  10,   10) (  10,   10) (  10,   10) (  10,   10) (  10,   10) (  10,   10) (  10,   10) (  10,   10)
          (  10,   10) (  10,   10) (  10,   10) (  10,   10) (  10,   10) (  10,   10) (  10,   10) (  10,   10) (  10,   10) (  10,   10)
          (  10,   10) (  10,   10) (  10,   10) (  10,   10) (  10,   10) (  10,   10) (  10,   10) (  10,   10) (  10,   10) (  10,   10)
          (  10,   10) (  10,   10) (  10,   10) (  10,   10) (  10,   10) (  10,   10) (  10,   10) (  10,   10) (  10,   10) (  10,   10)
          (  10,   10) (  10,   10) (  10,   10) (  10,   10) (  10,   10) (  10,   10) (  10,   10) (  10,   10) (  10,   10) (  10,   10)
          (  10,   10) (  10,   10) (  10,   10) (  10,   10) (  10,   10) (  10,   10) (  10,   10) (  10,   10) (  10,   10) (  10,   10)
          (  10,   10) (  10,   10) (  10,   10) (  10,   10) (  10,   10) (  10,   10) (  10,   10) (  10,   10) (  10,   10) (  10,   10)
          (  10,   10) (  10,   10) (  10,   10) (  10,   10) (  10,   10) (  10,   10) (  10,   10) (  10,   10) (  10,   10) (  10,   10)
          (  10,   10) (  10,   10) (  10,   10) (  10,   10) (  10,   10) (  10,   10) (  10,   10) (  10,   10) (  10,   10) (  10,   10)
          (  10,   10) (  10,   10) (  10,   10) (  10,   10) (  10,   10) (  10,   10) (  10,   10) (  10,   10) (  10,   10) (  10,   10)
          (  10,   10) (  10,   10) (  10,   10) (  10,   10) (  10,   10) (  10,   10) (  10,   10) (  10,   10) (  10,   10) (  10,   10)
          (  10,   10) (  10,   10) (  10,   10) (  10,   10) (  10,   10) (  10,   10) (  10,   10) (  10,   10) (  10,   10) (  10,   10)
          (  10,   10) (  10,   10) (  10,   10) (  10,   10) (  10,   10) (  10,   10) (  10,   10) (  10,   10) (  10,   10) (  10,   10)
          (  10,   10) (  10,   10) (  10,   10) (  10,   10) (  10,   10) (  10,   10) (  10,   10) (  10,   10) (  10,   10) (  10,   10)
          (  10,   10) (  10,   10) (  10,   10) (  10,   10) (  10,   10) (  10,   10) (  10,   10) (  10,   10) (  10,   10) (  10,   10)
          (  10,   10) (  10,   10) (  10,   10) (  10,   10) (  10,   10) (  10,   10) (  10,   10) (  10,   10) (  10,   10) (  10,   10)
          (  10,   10) (  10,   10) (  10,   10) (  10,   10) (  10,   10) (  10,   10) (  10,   10) (  10,   10) (  10,   10) (  10,   10)
          (  10,   10) (  10,   10) (  10,   10) (  10,   10) (  10,   10) (  10,   10) (  10,   10) (  10,   10) (  10,   10) (  10,   10)
          (  10,   10) (  10,   10) (  10,   10) (  10,   10) (  10,   10) (  10,   10) (  10,   10) (  10,   10) (  10,   10) (  10,   10)
          (  10,   10) (  10,   10) (  10,   10) (  10,   10) (  10,   10) (  10,   10) (  10,   10) (  10,   10) (  10,   10) (  10,   10)
          (  10,   10) (  10,   10) (  10,   10) (  10,   10) (  10,   10) (  10,   10) (  10,   10) (  10,   10) (  10,   10) (  10,   10)
          (  10,   10) (  10,   10) (  10,   10) (  10,   10) (  10,   10) (  10,   10) (  10,   10) (  10,   10) (  10,   10) (  10,   10)
          (  10,   10) (  10,   10) (  10,   10) (  10,   10) (  10,   10) (  10,   10) (  10,   10) (  10,   10) (  10,   10) (  10,   10)
          (  10,   10) (  10,   10) (  10,   10) (  10,   10) (  10,   10) (  10,   10) (  10,   10) (  10,   10) (  10,   10) (  10,   10)
          (  10,   10) (  10,   10) (  10,   10) (  10,   10) (  10,   10) (  10,   10) (  10,   10) (  10,   10) (  10,   10) (  10,   10)
          (  10,   10) (  10,   10) (  10,   10) (  10,   10) (  10,   10) (  10,   10) (  10,   10) (  10,   10) (  10,   10) (  10,   10)
          (  10,   10) (  10,   10) (  10,   10) (  10,   10) (  10,   10) (  10,   10) (  10,   10) (  10,   10) (  10,   10) (  10,   10)
          (  10,   10) (  10,   10) (  10,   10) (  10,   10) (  10,   10) (  10,   10) (  10,   10) (  10,   10) (  10,   10) (  10,   10)
          (  10,   10) (  10,   10) (  10,   10) (  10,   10) (  10,   10) (  10,   10) (  10,   10) (  10,   10) (  10,   10) (  10,   10)
          (  10,   10) (  10,   10) (  10,   10) (  10,   10) (  10,   10) (  10,   10) (  10,   10) (  10,   10) (  10,   10) (  10,   10)
          (  10,   10) (  10,   10) (  10,   10) (  10,   10) (  10,   10) (  10,   10) (  10,   10) (  10,   10) (  10,   10) (  10,   10)
          (  10,   10) (  10,   10) (  10,   10) (  10,   10) (  10,   10) (  10,   10) (  10,   10) (  10,   10) (  10,   10) (  10,   10)
          (  10,   10) (  10,   10) (  10,   10) (  10,   10) (  10,   10) (  10,   10) (  10,   10) (  10,   10) (  10,   10) (  10,   10)
          (  10,   10) (  10,   10) (  10,   10) (  10,   10) (  10,   10) (  10,   10) (  10,   10) (  10,   10) (  10,   10) (  10,   10)
          (  10,   10) (  10,   10) (  10,   10) (  10,   10) (  10,   10) (  10,   10) (  10,   10) (  10,   10) (  10,   10) (  10,   10)
          (  10,   10) (  10,   10) (  10,   10) (  10,   10) (  10,   10) (  10,   10) (  10,   10) (  10,   10) (  10,   10) (  10,   10)
          (  10,   10) (  10,   10) (  10,   10) (  10,   10) (  10,   10) (  10,   10) (  10,   10) (  10,   10) (  10,   10) (  10,   10)
          (  10,   10) (  10,   10) (  10,   10) (  10,   10) (  10,   10) (  10,   10) (  10,   10) (  10,   10) (  10,   10) (  10,   10)
          (  10,   10) (  10,   10) (  10,   10) (  10,   10) (  10,   10) (  10,   10) (  10,   10) (  10,   10) (  10,   10) (  10,   10)
          (  10,   10) (  10,   10) (  10,   10) (  10,   10) (  10,   10) (  10,   10) (  10,   10) (  10,   10) (  10,   10) (  10,   10)
          (  10,   10) (  10,   10) (  10,   10) (  10,   10) (  10,   10) (  10,   10) (  10,   10) (  10,   10) (  10,   10) (  10,   10)
          (  10,   10) (  10,   10) (  10,   10) (  10,   10) (  10,   10) (  10,   10) (  10,   10) (  10,   10) (  10,   10) (  10,   10)
          (  10,   10) (  10,   10) (  10,   10) (  10,   10) (  10,   10) (  10,   10) (  10,   10) (  10,   10) (  10,   10) (  10,   10)
          (  10,   10) (  10,   10) (  10,   10) (  10,   10) (  10,   10) (  10,   10) (  10,   10) (  10,   10) (  10,   10) (  10,   10)
          (  10,   10) (  10,   10) (  10,   10) (  10,   10) (  10,   10) (  10,   10) (  10,   10) (  10,   10) (  10,   10) (  10,   10)
          (  10,   10) (  10,   10) (  10,   10) (  10,   10) (  10,   10) (  10,   10) (  10,   10) (  10,   10) (  10,   10) (  10,   10)
          (  10,   10) (  10,   10) (  10,   10) (  10,   10) (  10,   10) (  10,   10) (  10,   10) (  10,   10) (  10,   10) (  10,   10)
          (  10,   10) (  10,   10) (  10,   10) (  10,   10) (  10,   10) (  10,   10) (  10,   10) (  10,   10) (  10,   10) (  10,   10)
          (  10,   10) (  10,   10) (  10,   10) (  10,   10) (  10,   10) (  10,   10) (  10,   10) (  10,   10) (  10,   10) (  10,   10)
          (  10,   10) (  10,   10) (  10,   10) (  10,   10) (  10,   10) (  10,   10) (  10,   10) (  10,   10) (  10,   10) (  10,   10)
          (  10,   10) (  10,   10) (  10,   10) (  10,   10) (  10,   10) (  10,   10) (  10,   10) (  10,   10) (  10,   10) (  10,   10)
          (  10,   10) (  10,   10) (  10,   10) (  10,   10) (  10,   10) (  10,   10) (  10,   10) (  10,   10) (  10,   10) (  10,   10)
          (  10,   10) (  10,   10) (  10,   10) (  10,   10) (  10,   10) (  10,   10) (  10,   10) (  10,   10) (  10,   10) (  10,   10)
          (  10,   10) (  10,   10) (  10,   10) (  10,   10) (  10,   10) (  10,   10) (  10,   10) (  10,   10) (  10,   10) (  10,   10)
          (  10,   10) (  10,   10) (  10,   10) (  10,   10) (  10,   10) (  10,   10) (  10,   10) (  10,   10) (  10,   10) (  10,   10)
          (  10,   10) (  10,   10) (  10,   10) (  10,   10) (  10,   10) (  10,   10) (  10,   10) (  10,   10) (  10,   10) (  10,   10)
         
node  10 sent_total   6961  recv_total   6952

